Using pre-set license
Built from '2021.3/staging' branch; Version is '2021.3.34f1 (25266724e7bd) revision 2434663'; Using compiler version '192829333'; Build Type 'Release'
OS: 'Windows 11  (10.0.22635) 64bit Core' Language: 'en' Physical Memory: 31893 MB
BatchMode: 1, IsHumanControllingUs: 0, StartBugReporterOnCrash: 0, Is64bit: 1, IsPro: 1

COMMAND LINE ARGUMENTS:
E:\Program Files\Unity\Hub\Editors\2021.3.34f1\Editor\Unity.exe
-adb2
-batchMode
-noUpm
-name
AssetImportWorker4
-projectPath
C:/Users/edsan/Downloads/596-main/596-main
-logFile
Logs/AssetImportWorker4.log
-srvPort
52713
Successfully changed project path to: C:/Users/edsan/Downloads/596-main/596-main
C:/Users/edsan/Downloads/596-main/596-main
[UnityMemory] Configuration Parameters - Can be set up in boot.config
    "memorysetup-bucket-allocator-granularity=16"
    "memorysetup-bucket-allocator-bucket-count=8"
    "memorysetup-bucket-allocator-block-size=33554432"
    "memorysetup-bucket-allocator-block-count=8"
    "memorysetup-main-allocator-block-size=16777216"
    "memorysetup-thread-allocator-block-size=16777216"
    "memorysetup-gfx-main-allocator-block-size=16777216"
    "memorysetup-gfx-thread-allocator-block-size=16777216"
    "memorysetup-cache-allocator-block-size=4194304"
    "memorysetup-typetree-allocator-block-size=2097152"
    "memorysetup-profiler-bucket-allocator-granularity=16"
    "memorysetup-profiler-bucket-allocator-bucket-count=8"
    "memorysetup-profiler-bucket-allocator-block-size=33554432"
    "memorysetup-profiler-bucket-allocator-block-count=8"
    "memorysetup-profiler-allocator-block-size=16777216"
    "memorysetup-profiler-editor-allocator-block-size=1048576"
    "memorysetup-temp-allocator-size-main=16777216"
    "memorysetup-job-temp-allocator-block-size=2097152"
    "memorysetup-job-temp-allocator-block-size-background=1048576"
    "memorysetup-job-temp-allocator-reduction-small-platforms=262144"
    "memorysetup-temp-allocator-size-background-worker=32768"
    "memorysetup-temp-allocator-size-job-worker=262144"
    "memorysetup-temp-allocator-size-preload-manager=33554432"
    "memorysetup-temp-allocator-size-nav-mesh-worker=65536"
    "memorysetup-temp-allocator-size-audio-worker=65536"
    "memorysetup-temp-allocator-size-cloud-worker=32768"
    "memorysetup-temp-allocator-size-gi-baking-worker=262144"
    "memorysetup-temp-allocator-size-gfx=262144"
Player connection [28004] Host "[IP] 192.168.0.176 [Port] 0 [Flags] 2 [Guid] 1011945159 [EditorId] 1011945159 [Version] 1048832 [Id] WindowsEditor(7,cebada) [Debug] 1 [PackageName] WindowsEditor [ProjectName] Editor" joined multi-casting on [225.0.0.222:54997]...

Player connection [28004] Host "[IP] 192.168.0.176 [Port] 0 [Flags] 2 [Guid] 1011945159 [EditorId] 1011945159 [Version] 1048832 [Id] WindowsEditor(7,cebada) [Debug] 1 [PackageName] WindowsEditor [ProjectName] Editor" joined alternative multi-casting on [225.0.0.222:34997]...

[Physics::Module] Initialized MultithreadedJobDispatcher with {0} workers.
Refreshing native plugins compatible for Editor in 69.91 ms, found 4 plugins.
Preloading 0 native plugins for Editor in 0.00 ms.
Initialize engine version: 2021.3.34f1 (25266724e7bd)
[Subsystems] Discovering subsystems at path E:/Program Files/Unity/Hub/Editors/2021.3.34f1/Editor/Data/Resources/UnitySubsystems
[Subsystems] Discovering subsystems at path C:/Users/edsan/Downloads/596-main/596-main/Assets
GfxDevice: creating device client; threaded=0; jobified=0
Direct3D:
    Version:  Direct3D 11.0 [level 11.1]
    Renderer: NVIDIA GeForce RTX 2070 SUPER (ID=0x1e84)
    Vendor:   NVIDIA
    VRAM:     8003 MB
    Driver:   31.0.15.3141
Initialize mono
Mono path[0] = 'E:/Program Files/Unity/Hub/Editors/2021.3.34f1/Editor/Data/Managed'
Mono path[1] = 'E:/Program Files/Unity/Hub/Editors/2021.3.34f1/Editor/Data/MonoBleedingEdge/lib/mono/unityjit-win32'
Mono config path = 'E:/Program Files/Unity/Hub/Editors/2021.3.34f1/Editor/Data/MonoBleedingEdge/etc'
Using monoOptions --debugger-agent=transport=dt_socket,embedding=1,server=y,suspend=n,address=127.0.0.1:56520
Begin MonoManager ReloadAssembly
Registering precompiled unity dll's ...
Register platform support module: E:/Program Files/Unity/Hub/Editors/2021.3.34f1/Editor/Data/PlaybackEngines/WindowsStandaloneSupport/UnityEditor.WindowsStandalone.Extensions.dll
Registered in 0.001563 seconds.
Native extension for WindowsStandalone target not found
Refreshing native plugins compatible for Editor in 52.23 ms, found 4 plugins.
Preloading 0 native plugins for Editor in 0.00 ms.
Mono: successfully reloaded assembly
- Completed reload, in  0.557 seconds
Domain Reload Profiling:
	ReloadAssembly (557ms)
		BeginReloadAssembly (63ms)
			ExecutionOrderSort (0ms)
			DisableScriptedObjects (0ms)
			BackupInstance (0ms)
			ReleaseScriptingObjects (0ms)
			CreateAndSetChildDomain (0ms)
		EndReloadAssembly (354ms)
			LoadAssemblies (63ms)
			RebuildTransferFunctionScriptingTraits (0ms)
			SetupTypeCache (156ms)
			ReleaseScriptCaches (0ms)
			RebuildScriptCaches (15ms)
			SetupLoadedEditorAssemblies (163ms)
				LogAssemblyErrors (0ms)
				InitializePlatformSupportModulesInManaged (4ms)
				SetLoadedEditorAssemblies (0ms)
				RefreshPlugins (52ms)
				BeforeProcessingInitializeOnLoad (1ms)
				ProcessInitializeOnLoadAttributes (77ms)
				ProcessInitializeOnLoadMethodAttributes (28ms)
				AfterProcessingInitializeOnLoad (0ms)
				EditorAssembliesLoaded (0ms)
			ExecutionOrderSort2 (0ms)
			AwakeInstancesAfterBackupRestoration (0ms)
Platform modules already initialized, skipping
Registering precompiled user dll's ...
Registered in 0.003083 seconds.
Begin MonoManager ReloadAssembly
Native extension for WindowsStandalone target not found
Refreshing native plugins compatible for Editor in 48.47 ms, found 4 plugins.
Preloading 0 native plugins for Editor in 0.00 ms.
Package Manager log level set to [2]
[Package Manager] Server::EnsureServerProcessIsRunning -- launch failed, reason: Unity was launched with the -noUpm command-line argument
[Package Manager] Cannot connect to Unity Package Manager local server
Mono: successfully reloaded assembly
- Completed reload, in  1.021 seconds
Domain Reload Profiling:
	ReloadAssembly (1022ms)
		BeginReloadAssembly (68ms)
			ExecutionOrderSort (0ms)
			DisableScriptedObjects (3ms)
			BackupInstance (0ms)
			ReleaseScriptingObjects (0ms)
			CreateAndSetChildDomain (13ms)
		EndReloadAssembly (903ms)
			LoadAssemblies (56ms)
			RebuildTransferFunctionScriptingTraits (0ms)
			SetupTypeCache (191ms)
			ReleaseScriptCaches (0ms)
			RebuildScriptCaches (27ms)
			SetupLoadedEditorAssemblies (621ms)
				LogAssemblyErrors (0ms)
				InitializePlatformSupportModulesInManaged (2ms)
				SetLoadedEditorAssemblies (0ms)
				RefreshPlugins (49ms)
				BeforeProcessingInitializeOnLoad (45ms)
				ProcessInitializeOnLoadAttributes (513ms)
				ProcessInitializeOnLoadMethodAttributes (11ms)
				AfterProcessingInitializeOnLoad (1ms)
				EditorAssembliesLoaded (0ms)
			ExecutionOrderSort2 (0ms)
			AwakeInstancesAfterBackupRestoration (4ms)
Platform modules already initialized, skipping
========================================================================
Worker process is ready to serve import requests
Launched and connected shader compiler UnityShaderCompiler.exe after 0.04 seconds
Refreshing native plugins compatible for Editor in 0.82 ms, found 4 plugins.
Preloading 0 native plugins for Editor in 0.00 ms.
Unloading 4130 Unused Serialized files (Serialized files now loaded: 0)
Unloading 29 unused Assets / (85.0 KB). Loaded Objects now: 4594.
Memory consumption went from 155.4 MB to 155.3 MB.
Total: 3.220800 ms (FindLiveObjects: 0.412900 ms CreateObjectMapping: 0.093500 ms MarkObjects: 2.624900 ms  DeleteObjects: 0.088700 ms)

AssetImportParameters requested are different than current active one (requested -> active):
  custom:video-decoder-ogg-theora: a1e56fd34408186e4bbccfd4996cb3dc -> 
  custom:container-muxer-webm: aa71ff27fc2769a1b78a27578f13a17b -> 
  custom:container-demuxer-webm: 4f35f7cbe854078d1ac9338744f61a02 -> 
  custom:video-encoder-webm-vp8: eb34c28f22e8b96e1ab97ce403110664 -> 
  custom:video-codec-MediaFoundation-h265: 746d11721c4dcdbdad8f713fa42b33f4 -> 
  custom:CustomObjectIndexerAttribute: bc11b3a6c3213fcdd17b65e7da85e133 -> 
  custom:audio-encoder-webm-vorbis: bf7c407c2cedff20999df2af8eb42d56 -> 
  custom:framework-win-MediaFoundation: 216162199b28c13a410421893ffa2e32 -> 
  custom:SearchIndexIgnoredProperties: e643bd26f0fe6173181afceb89e7c659 -> 
  custom:container-demuxer-ogg: 62fdf1f143b41e24485cea50d1cbac27 -> 
  custom:video-decoder-webm-vp8: 9c59270c3fd7afecdb556c50c9e8de78 -> 
  custom:audio-decoder-ogg-vorbis: bf7c407c2cedff20999df2af8eb42d56 -> 
========================================================================
Received Import Request.
  Time since last request: 22206.015586 seconds.
  path: Assets/FPS GUN ASSET/Art/Fonts/Roboto-BoldCondensedItalic SDF.asset
  artifactKey: Guid(bc077dc6397cf62428435a668f8746aa) Importer(815301076,1909f56bfc062723c751e8b465ee728b)
Number of updated assets reloaded before import = 0
Start importing Assets/FPS GUN ASSET/Art/Fonts/Roboto-BoldCondensedItalic SDF.asset using Guid(bc077dc6397cf62428435a668f8746aa) Importer(815301076,1909f56bfc062723c751e8b465ee728b)  -> (artifact id: '0bbe8a87334692474a8366eca43ba029') in 0.099297 seconds 
Number of asset objects unloaded after import = 6
========================================================================
Received Import Request.
  Time since last request: 0.012902 seconds.
  path: Assets/FPS GUN ASSET/Art/Fonts/Roboto-Condensed SDF.asset
  artifactKey: Guid(52822dc6e80b18c4b84fa37fb0a9018f) Importer(815301076,1909f56bfc062723c751e8b465ee728b)
Number of updated assets reloaded before import = 0
Start importing Assets/FPS GUN ASSET/Art/Fonts/Roboto-Condensed SDF.asset using Guid(52822dc6e80b18c4b84fa37fb0a9018f) Importer(815301076,1909f56bfc062723c751e8b465ee728b)  -> (artifact id: '97638f3ed4410b64bf32ce93abda8208') in 0.024933 seconds 
Number of asset objects unloaded after import = 6
========================================================================
Received Import Request.
  Time since last request: 0.624237 seconds.
  path: Assets/FPS GUN ASSET/Art/Fonts/Roboto-Italic SDF.asset
  artifactKey: Guid(f9767962b93992a46a913b8f7f8ae703) Importer(815301076,1909f56bfc062723c751e8b465ee728b)
Number of updated assets reloaded before import = 0
Start importing Assets/FPS GUN ASSET/Art/Fonts/Roboto-Italic SDF.asset using Guid(f9767962b93992a46a913b8f7f8ae703) Importer(815301076,1909f56bfc062723c751e8b465ee728b)  -> (artifact id: '436c4ca3063d159bf6bc912a805a13bd') in 0.024583 seconds 
Number of asset objects unloaded after import = 6
========================================================================
Received Import Request.
  Time since last request: 0.156357 seconds.
  path: Assets/FPS GUN ASSET/Art/Fonts/Roboto-LightItalic SDF.asset
  artifactKey: Guid(872d4ef16428fcf4c93352f8aa5cb271) Importer(815301076,1909f56bfc062723c751e8b465ee728b)
Number of updated assets reloaded before import = 0
Start importing Assets/FPS GUN ASSET/Art/Fonts/Roboto-LightItalic SDF.asset using Guid(872d4ef16428fcf4c93352f8aa5cb271) Importer(815301076,1909f56bfc062723c751e8b465ee728b)  -> (artifact id: '206582b3c2a36dd0c787dd6ee9f76e06') in 0.025056 seconds 
Number of asset objects unloaded after import = 6
========================================================================
Received Import Request.
  Time since last request: 0.665004 seconds.
  path: Assets/FPS GUN ASSET/Art/Fonts/Roboto-MediumItalic SDF.asset
  artifactKey: Guid(daba0dfea04fc864fa94d8d38d5711af) Importer(815301076,1909f56bfc062723c751e8b465ee728b)
Number of updated assets reloaded before import = 0
Start importing Assets/FPS GUN ASSET/Art/Fonts/Roboto-MediumItalic SDF.asset using Guid(daba0dfea04fc864fa94d8d38d5711af) Importer(815301076,1909f56bfc062723c751e8b465ee728b)  -> (artifact id: '446a4743e32f3416456c01a48904129e') in 0.025875 seconds 
Number of asset objects unloaded after import = 6
========================================================================
Received Import Request.
  Time since last request: 0.261510 seconds.
  path: Assets/FPS GUN ASSET/Art/Fonts/Roboto-Thin SDF.asset
  artifactKey: Guid(156ff347f440bdf45b8931655a5d5c12) Importer(815301076,1909f56bfc062723c751e8b465ee728b)
Number of updated assets reloaded before import = 0
Start importing Assets/FPS GUN ASSET/Art/Fonts/Roboto-Thin SDF.asset using Guid(156ff347f440bdf45b8931655a5d5c12) Importer(815301076,1909f56bfc062723c751e8b465ee728b)  -> (artifact id: '6307c39ff2a4798855e132b90f607dc8') in 0.026215 seconds 
Number of asset objects unloaded after import = 6
========================================================================
Received Import Request.
  Time since last request: 0.474938 seconds.
  path: Assets/FPS GUN ASSET/Art/Textures/Effects/T_Debris_Particles_D.mat
  artifactKey: Guid(ab7adc984813c834598a258192107240) Importer(815301076,1909f56bfc062723c751e8b465ee728b)
Number of updated assets reloaded before import = 0
Start importing Assets/FPS GUN ASSET/Art/Textures/Effects/T_Debris_Particles_D.mat using Guid(ab7adc984813c834598a258192107240) Importer(815301076,1909f56bfc062723c751e8b465ee728b)  -> (artifact id: 'f95f7763b6dc93ce028a01a1156f957c') in 0.019273 seconds 
Number of asset objects unloaded after import = 1
========================================================================
Received Import Request.
  Time since last request: 0.032131 seconds.
  path: Assets/Plugins/RealtimeCSG/Runtime/Materials/Window.mat
  artifactKey: Guid(b97ec88e269e0554980e460da975d229) Importer(815301076,1909f56bfc062723c751e8b465ee728b)
Number of updated assets reloaded before import = 0
Start importing Assets/Plugins/RealtimeCSG/Runtime/Materials/Window.mat using Guid(b97ec88e269e0554980e460da975d229) Importer(815301076,1909f56bfc062723c751e8b465ee728b)  -> (artifact id: '58a0f7b3b18a5f0bd041c50fd86e965b') in 0.021118 seconds 
Number of asset objects unloaded after import = 2
========================================================================
Received Import Request.
  Time since last request: 10.636878 seconds.
  path: Assets/FPS GUN ASSET/Art/Materials/Weapons/M_WEP_Camo_001.mat
  artifactKey: Guid(f163886c552e95540a538a1986131edf) Importer(815301076,1909f56bfc062723c751e8b465ee728b)
Number of updated assets reloaded before import = 0
Start importing Assets/FPS GUN ASSET/Art/Materials/Weapons/M_WEP_Camo_001.mat using Guid(f163886c552e95540a538a1986131edf) Importer(815301076,1909f56bfc062723c751e8b465ee728b)  -> (artifact id: '516fb0cc3ea8c62fd598a8f4a4dc32cb') in 0.041338 seconds 
Number of asset objects unloaded after import = 4
========================================================================
Received Import Request.
  Time since last request: 0.192418 seconds.
  path: Assets/FPS GUN ASSET/Art/Materials/Weapons/M_WEP_Basic_039.mat
  artifactKey: Guid(8bf3795760184334483710ee835cccdc) Importer(815301076,1909f56bfc062723c751e8b465ee728b)
Number of updated assets reloaded before import = 0
Start importing Assets/FPS GUN ASSET/Art/Materials/Weapons/M_WEP_Basic_039.mat using Guid(8bf3795760184334483710ee835cccdc) Importer(815301076,1909f56bfc062723c751e8b465ee728b)  -> (artifact id: 'a6144aecc6fdfd25f01bdee7222c3422') in 0.028867 seconds 
Number of asset objects unloaded after import = 3
========================================================================
Received Import Request.
  Time since last request: 0.015387 seconds.
  path: Assets/FPS GUN ASSET/Art/Materials/Weapons/M_WEP_Basic_006.mat
  artifactKey: Guid(89aec69d264f8854a9b5b74042a882ca) Importer(815301076,1909f56bfc062723c751e8b465ee728b)
Number of updated assets reloaded before import = 0
Start importing Assets/FPS GUN ASSET/Art/Materials/Weapons/M_WEP_Basic_006.mat using Guid(89aec69d264f8854a9b5b74042a882ca) Importer(815301076,1909f56bfc062723c751e8b465ee728b)  -> (artifact id: 'd568e1c5288585f63060412b1233ae2b') in 0.016586 seconds 
Number of asset objects unloaded after import = 3
========================================================================
Received Import Request.
  Time since last request: 0.502223 seconds.
  path: Assets/FPS GUN ASSET/Art/Materials/Effects/M_Shockwave.mat
  artifactKey: Guid(33e4edc60bd3b544aa23d5c78ad00ea8) Importer(815301076,1909f56bfc062723c751e8b465ee728b)
Number of updated assets reloaded before import = 0
Start importing Assets/FPS GUN ASSET/Art/Materials/Effects/M_Shockwave.mat using Guid(33e4edc60bd3b544aa23d5c78ad00ea8) Importer(815301076,1909f56bfc062723c751e8b465ee728b)  -> (artifact id: '2cf7f21dd0c767a5f5bb364605e0f9c5') in 0.027337 seconds 
Number of asset objects unloaded after import = 2
========================================================================
Received Import Request.
  Time since last request: 0.016021 seconds.
  path: Assets/FPS GUN ASSET/Art/Materials/Effects/M_Impact_Concrete.mat
  artifactKey: Guid(7a8ad10c976a30848b75c4ba8d61ce62) Importer(815301076,1909f56bfc062723c751e8b465ee728b)
Number of updated assets reloaded before import = 0
Start importing Assets/FPS GUN ASSET/Art/Materials/Effects/M_Impact_Concrete.mat using Guid(7a8ad10c976a30848b75c4ba8d61ce62) Importer(815301076,1909f56bfc062723c751e8b465ee728b)  -> (artifact id: 'cd8512c82964e5c6a3f123662af2f6d2') in 0.014521 seconds 
Number of asset objects unloaded after import = 2
========================================================================
Received Import Request.
  Time since last request: 6.461212 seconds.
  path: Assets/FPS GUN ASSET/Art/Materials/Environment/M_Grid_Wall_4x5.mat
  artifactKey: Guid(658183f39a9732542802e13d469c2fe5) Importer(815301076,1909f56bfc062723c751e8b465ee728b)
Number of updated assets reloaded before import = 0
Start importing Assets/FPS GUN ASSET/Art/Materials/Environment/M_Grid_Wall_4x5.mat using Guid(658183f39a9732542802e13d469c2fe5) Importer(815301076,1909f56bfc062723c751e8b465ee728b)  -> (artifact id: 'c6788c7d4b59793312b7c990a51f8f51') in 0.028816 seconds 
Number of asset objects unloaded after import = 2
========================================================================
Received Import Request.
  Time since last request: 1.139768 seconds.
  path: Assets/FPS GUN ASSET/Art/Materials/Environment/M_Grid_Showcase_Cube.mat
  artifactKey: Guid(e9299e6ef4a663640855cb5543acfcbc) Importer(815301076,1909f56bfc062723c751e8b465ee728b)
Number of updated assets reloaded before import = 0
Start importing Assets/FPS GUN ASSET/Art/Materials/Environment/M_Grid_Showcase_Cube.mat using Guid(e9299e6ef4a663640855cb5543acfcbc) Importer(815301076,1909f56bfc062723c751e8b465ee728b)  -> (artifact id: '7706d8d2e4b9c724000b80e31ae65e78') in 0.013196 seconds 
Number of asset objects unloaded after import = 2
========================================================================
Received Import Request.
  Time since last request: 0.434467 seconds.
  path: Assets/FPS GUN ASSET/Art/Materials/Environment/M_Grid_Cube.mat
  artifactKey: Guid(18d97549b0c829a4189c539ef575c4a1) Importer(815301076,1909f56bfc062723c751e8b465ee728b)
Number of updated assets reloaded before import = 0
Start importing Assets/FPS GUN ASSET/Art/Materials/Environment/M_Grid_Cube.mat using Guid(18d97549b0c829a4189c539ef575c4a1) Importer(815301076,1909f56bfc062723c751e8b465ee728b)  -> (artifact id: '927cba35a4983c080c58e460700647df') in 0.012644 seconds 
Number of asset objects unloaded after import = 2
========================================================================
Received Import Request.
  Time since last request: 0.668031 seconds.
  path: Assets/FPS GUN ASSET/Art/Materials/Effects/M_Flames.mat
  artifactKey: Guid(c28f343ad30573b4099553d8875601a0) Importer(815301076,1909f56bfc062723c751e8b465ee728b)
Number of updated assets reloaded before import = 0
Start importing Assets/FPS GUN ASSET/Art/Materials/Effects/M_Flames.mat using Guid(c28f343ad30573b4099553d8875601a0) Importer(815301076,1909f56bfc062723c751e8b465ee728b)  -> (artifact id: '8b51aea617bd401a0223c692ff767744') in 0.019942 seconds 
Number of asset objects unloaded after import = 2
========================================================================
Received Import Request.
  Time since last request: 0.024335 seconds.
  path: Assets/FPS GUN ASSET/Art/Materials/Effects/M_Ember.mat
  artifactKey: Guid(3064a05586bfc724c9e53002a01b53d6) Importer(815301076,1909f56bfc062723c751e8b465ee728b)
Number of updated assets reloaded before import = 0
Start importing Assets/FPS GUN ASSET/Art/Materials/Effects/M_Ember.mat using Guid(3064a05586bfc724c9e53002a01b53d6) Importer(815301076,1909f56bfc062723c751e8b465ee728b)  -> (artifact id: 'e4163d912e8a9444119c02c50048d54b') in 0.014921 seconds 
Number of asset objects unloaded after import = 2
========================================================================
Received Import Request.
  Time since last request: 1.344740 seconds.
  path: Assets/FPS GUN ASSET/Art/Materials/Environment/M_Demo_Lamps.mat
  artifactKey: Guid(231e2b8235491504197f468297689d10) Importer(815301076,1909f56bfc062723c751e8b465ee728b)
Number of updated assets reloaded before import = 0
Start importing Assets/FPS GUN ASSET/Art/Materials/Environment/M_Demo_Lamps.mat using Guid(231e2b8235491504197f468297689d10) Importer(815301076,1909f56bfc062723c751e8b465ee728b)  -> (artifact id: '2fa1921ebcad81c9e2b765cfb6e012b0') in 0.017765 seconds 
Number of asset objects unloaded after import = 3
========================================================================
Received Import Request.
  Time since last request: 0.347740 seconds.
  path: Assets/FPS GUN ASSET/Art/Materials/Effects/M_BurnMark.mat
  artifactKey: Guid(e43b338cb9cc4ce48a3ed9d51d15b7a1) Importer(815301076,1909f56bfc062723c751e8b465ee728b)
Number of updated assets reloaded before import = 0
Start importing Assets/FPS GUN ASSET/Art/Materials/Effects/M_BurnMark.mat using Guid(e43b338cb9cc4ce48a3ed9d51d15b7a1) Importer(815301076,1909f56bfc062723c751e8b465ee728b)  -> (artifact id: '77a1c8f6616c4b40bf0aa1d2d31f84a1') in 0.014459 seconds 
Number of asset objects unloaded after import = 2
========================================================================
Received Import Request.
  Time since last request: 1.274047 seconds.
  path: Assets/FPS GUN ASSET/Art/Materials/Effects/M_Bullet_Glow.mat
  artifactKey: Guid(a67df17391c315142b37a14f9dffc5a1) Importer(815301076,1909f56bfc062723c751e8b465ee728b)
Number of updated assets reloaded before import = 0
Start importing Assets/FPS GUN ASSET/Art/Materials/Effects/M_Bullet_Glow.mat using Guid(a67df17391c315142b37a14f9dffc5a1) Importer(815301076,1909f56bfc062723c751e8b465ee728b)  -> (artifact id: '4d2ada95ca30574f18253aecf150f9b8') in 0.014785 seconds 
Number of asset objects unloaded after import = 2
========================================================================
Received Import Request.
  Time since last request: 0.023047 seconds.
  path: Assets/FPS GUN ASSET/Art/TextMesh Pro/Resources/Fonts & Materials/LiberationSans SDF.asset
  artifactKey: Guid(8f586378b4e144a9851e7b34d9b748ee) Importer(815301076,1909f56bfc062723c751e8b465ee728b)
Number of updated assets reloaded before import = 0
Start importing Assets/FPS GUN ASSET/Art/TextMesh Pro/Resources/Fonts & Materials/LiberationSans SDF.asset using Guid(8f586378b4e144a9851e7b34d9b748ee) Importer(815301076,1909f56bfc062723c751e8b465ee728b)  -> (artifact id: 'a2713bd9a69a4ca0e9e497a7d2b4c657') in 0.065618 seconds 
Number of asset objects unloaded after import = 9
========================================================================
Received Import Request.
  Time since last request: 0.634972 seconds.
  path: Assets/FPS GUN ASSET/Art/TextMesh Pro/Resources/Fonts & Materials/LiberationSans SDF - Outline.mat
  artifactKey: Guid(79459efec17a4d00a321bdcc27bbc385) Importer(815301076,1909f56bfc062723c751e8b465ee728b)
Number of updated assets reloaded before import = 0
Start importing Assets/FPS GUN ASSET/Art/TextMesh Pro/Resources/Fonts & Materials/LiberationSans SDF - Outline.mat using Guid(79459efec17a4d00a321bdcc27bbc385) Importer(815301076,1909f56bfc062723c751e8b465ee728b)  -> (artifact id: '27dd7bbe5d91495a79bc4495f00946e9') in 0.019113 seconds 
Number of asset objects unloaded after import = 2
========================================================================
Received Import Request.
  Time since last request: 0.062304 seconds.
  path: Assets/FPS GUN ASSET/Art/Fonts/Roboto-Black.ttf
  artifactKey: Guid(31e5d93e4358f014bbc3bbe86e901884) Importer(815301076,1909f56bfc062723c751e8b465ee728b)
Number of updated assets reloaded before import = 0
Start importing Assets/FPS GUN ASSET/Art/Fonts/Roboto-Black.ttf using Guid(31e5d93e4358f014bbc3bbe86e901884) Importer(815301076,1909f56bfc062723c751e8b465ee728b)  -> (artifact id: 'a05509279e352c3b35e57224a438bb37') in 0.014431 seconds 
Number of asset objects unloaded after import = 4
========================================================================
Received Import Request.
  Time since last request: 2.994965 seconds.
  path: Assets/FPS GUN ASSET/Art/Fonts/Roboto-Bold.ttf
  artifactKey: Guid(358f63cb1d6beff499b4e2187862df7e) Importer(815301076,1909f56bfc062723c751e8b465ee728b)
Number of updated assets reloaded before import = 0
Start importing Assets/FPS GUN ASSET/Art/Fonts/Roboto-Bold.ttf using Guid(358f63cb1d6beff499b4e2187862df7e) Importer(815301076,1909f56bfc062723c751e8b465ee728b)  -> (artifact id: '51d4a425cd8af8c69e84b11ba0331df5') in 0.010500 seconds 
Number of asset objects unloaded after import = 4
========================================================================
Received Import Request.
  Time since last request: 0.309091 seconds.
  path: Assets/FPS GUN ASSET/Art/Fonts/Roboto-BoldCondensedItalic.ttf
  artifactKey: Guid(2ddddd2b056e5b648b67982819ccaa41) Importer(815301076,1909f56bfc062723c751e8b465ee728b)
Number of updated assets reloaded before import = 0
Start importing Assets/FPS GUN ASSET/Art/Fonts/Roboto-BoldCondensedItalic.ttf using Guid(2ddddd2b056e5b648b67982819ccaa41) Importer(815301076,1909f56bfc062723c751e8b465ee728b)  -> (artifact id: '839132f3f2493758a930153a02a83dca') in 0.009156 seconds 
Number of asset objects unloaded after import = 4
========================================================================
Received Import Request.
  Time since last request: 0.380402 seconds.
  path: Assets/FPS GUN ASSET/Art/Fonts/Roboto-BoldItalic.ttf
  artifactKey: Guid(189454d3eeaf6aa47a37e35fe9730838) Importer(815301076,1909f56bfc062723c751e8b465ee728b)
Number of updated assets reloaded before import = 0
Start importing Assets/FPS GUN ASSET/Art/Fonts/Roboto-BoldItalic.ttf using Guid(189454d3eeaf6aa47a37e35fe9730838) Importer(815301076,1909f56bfc062723c751e8b465ee728b)  -> (artifact id: '0a6fb8ded4f1db4391c27801dd4ae7d2') in 0.010417 seconds 
Number of asset objects unloaded after import = 4
========================================================================
Received Import Request.
  Time since last request: 0.404169 seconds.
  path: Assets/FPS GUN ASSET/Art/Fonts/Roboto-CondensedItalic.ttf
  artifactKey: Guid(59f1f4dd7ea683d4f98f73bd91a90f17) Importer(815301076,1909f56bfc062723c751e8b465ee728b)
Number of updated assets reloaded before import = 0
Start importing Assets/FPS GUN ASSET/Art/Fonts/Roboto-CondensedItalic.ttf using Guid(59f1f4dd7ea683d4f98f73bd91a90f17) Importer(815301076,1909f56bfc062723c751e8b465ee728b)  -> (artifact id: '65d09f05bdd1e20096a34f1aecd93266') in 0.009310 seconds 
Number of asset objects unloaded after import = 4
========================================================================
Received Import Request.
  Time since last request: 0.029967 seconds.
  path: Assets/FPS GUN ASSET/Art/Fonts/Roboto-Regular.ttf
  artifactKey: Guid(3b77f1cae85921045a6f661b20670385) Importer(815301076,1909f56bfc062723c751e8b465ee728b)
Number of updated assets reloaded before import = 0
Start importing Assets/FPS GUN ASSET/Art/Fonts/Roboto-Regular.ttf using Guid(3b77f1cae85921045a6f661b20670385) Importer(815301076,1909f56bfc062723c751e8b465ee728b)  -> (artifact id: 'ea99a1a6fc646a2de86feb7f1fb40029') in 0.009267 seconds 
Number of asset objects unloaded after import = 4
========================================================================
Received Import Request.
  Time since last request: 0.412312 seconds.
  path: Assets/FPS GUN ASSET/Art/Fonts/Roboto-Medium.ttf
  artifactKey: Guid(d54993fa5357cd84886f23aa9dd39b88) Importer(815301076,1909f56bfc062723c751e8b465ee728b)
Number of updated assets reloaded before import = 0
Start importing Assets/FPS GUN ASSET/Art/Fonts/Roboto-Medium.ttf using Guid(d54993fa5357cd84886f23aa9dd39b88) Importer(815301076,1909f56bfc062723c751e8b465ee728b)  -> (artifact id: '6f244f900c0da6e397958e76e4dab742') in 0.010178 seconds 
Number of asset objects unloaded after import = 4
========================================================================
Received Import Request.
  Time since last request: 0.063502 seconds.
  path: Assets/FPS GUN ASSET/Art/Fonts/Roboto-Light.ttf
  artifactKey: Guid(686c25c1783ef1a41b1aad637e8f53df) Importer(815301076,1909f56bfc062723c751e8b465ee728b)
Number of updated assets reloaded before import = 0
Start importing Assets/FPS GUN ASSET/Art/Fonts/Roboto-Light.ttf using Guid(686c25c1783ef1a41b1aad637e8f53df) Importer(815301076,1909f56bfc062723c751e8b465ee728b)  -> (artifact id: '98f4fd8ff0565b1145753d19855ee9e9') in 0.009371 seconds 
Number of asset objects unloaded after import = 4
========================================================================
Received Import Request.
  Time since last request: 0.290870 seconds.
  path: Assets/FPS GUN ASSET/Art/TextMesh Pro/Fonts/LiberationSans.ttf
  artifactKey: Guid(e3265ab4bf004d28a9537516768c1c75) Importer(815301076,1909f56bfc062723c751e8b465ee728b)
Number of updated assets reloaded before import = 0
Start importing Assets/FPS GUN ASSET/Art/TextMesh Pro/Fonts/LiberationSans.ttf using Guid(e3265ab4bf004d28a9537516768c1c75) Importer(815301076,1909f56bfc062723c751e8b465ee728b)  -> (artifact id: '38bbc68a28c12c2090b6be4e15305be4') in 0.009864 seconds 
Number of asset objects unloaded after import = 4
========================================================================
Received Import Request.
  Time since last request: 0.014028 seconds.
  path: Assets/Cyberpunk Material Pack/Materials/Cyberpunk_6.mat
  artifactKey: Guid(622dda6df1e51bf43bd9d484e33cb7fb) Importer(815301076,1909f56bfc062723c751e8b465ee728b)
Number of updated assets reloaded before import = 0
Start importing Assets/Cyberpunk Material Pack/Materials/Cyberpunk_6.mat using Guid(622dda6df1e51bf43bd9d484e33cb7fb) Importer(815301076,1909f56bfc062723c751e8b465ee728b)  -> (artifact id: '6fd916e3df772f135cab8fb89a3638d3') in 0.031892 seconds 
Number of asset objects unloaded after import = 4
========================================================================
Received Import Request.
  Time since last request: 0.012713 seconds.
  path: Assets/Cyberpunk Material Pack/Materials/Cyberpunk_4.mat
  artifactKey: Guid(1b3ba787cd5b7ac4e8f4097c1a306032) Importer(815301076,1909f56bfc062723c751e8b465ee728b)
Number of updated assets reloaded before import = 0
Start importing Assets/Cyberpunk Material Pack/Materials/Cyberpunk_4.mat using Guid(1b3ba787cd5b7ac4e8f4097c1a306032) Importer(815301076,1909f56bfc062723c751e8b465ee728b)  -> (artifact id: '5d7608f18e65e8e9828507677d2aeada') in 0.023926 seconds 
Number of asset objects unloaded after import = 4
========================================================================
Received Import Request.
  Time since last request: 0.223720 seconds.
  path: Assets/Cyberpunk Material Pack/Materials/Cyberpunk_2.mat
  artifactKey: Guid(348cc31e3bc669e43bbfe031cbc2657b) Importer(815301076,1909f56bfc062723c751e8b465ee728b)
Number of updated assets reloaded before import = 0
Start importing Assets/Cyberpunk Material Pack/Materials/Cyberpunk_2.mat using Guid(348cc31e3bc669e43bbfe031cbc2657b) Importer(815301076,1909f56bfc062723c751e8b465ee728b)  -> (artifact id: '7db290e1b0108cb5042bcc5aead7931b') in 0.027642 seconds 
Number of asset objects unloaded after import = 4
========================================================================
Received Import Request.
  Time since last request: 0.028588 seconds.
  path: Assets/FPS GUN ASSET/Art/Animations/Character/_Common/A_FP_PCH_Idle.fbx
  artifactKey: Guid(28f784c9020e1c44583b059828f40c47) Importer(815301076,1909f56bfc062723c751e8b465ee728b)
Number of updated assets reloaded before import = 0
Start importing Assets/FPS GUN ASSET/Art/Animations/Character/_Common/A_FP_PCH_Idle.fbx using Guid(28f784c9020e1c44583b059828f40c47) Importer(815301076,1909f56bfc062723c751e8b465ee728b)  -> (artifact id: 'f53dd3248b3c59943a308c72283eaec9') in 0.087473 seconds 
Number of asset objects unloaded after import = 149
========================================================================
Received Import Request.
  Time since last request: 3.603558 seconds.
  path: Assets/FPS GUN ASSET/Art/Animations/Character/Handguns/A_FP_PCH_Handgun_Reload.fbx
  artifactKey: Guid(1961ef0ecc83d524c90f19106d6ca232) Importer(815301076,1909f56bfc062723c751e8b465ee728b)
Number of updated assets reloaded before import = 0
Start importing Assets/FPS GUN ASSET/Art/Animations/Character/Handguns/A_FP_PCH_Handgun_Reload.fbx using Guid(1961ef0ecc83d524c90f19106d6ca232) Importer(815301076,1909f56bfc062723c751e8b465ee728b)  -> (artifact id: '3ba0b51c8e9fa35479dba8a788008a03') in 0.021676 seconds 
Number of asset objects unloaded after import = 149
========================================================================
Received Import Request.
  Time since last request: 0.398772 seconds.
  path: Assets/FPS GUN ASSET/Art/Animations/Character/Handguns/A_FP_PCH_Handgun_Idle_Pose.fbx
  artifactKey: Guid(0bd5170972f02c9498bbf3a1e7eb6992) Importer(815301076,1909f56bfc062723c751e8b465ee728b)
Number of updated assets reloaded before import = 0
Start importing Assets/FPS GUN ASSET/Art/Animations/Character/Handguns/A_FP_PCH_Handgun_Idle_Pose.fbx using Guid(0bd5170972f02c9498bbf3a1e7eb6992) Importer(815301076,1909f56bfc062723c751e8b465ee728b)  -> (artifact id: '863b4730986992072980600d0ea4c65f') in 0.018011 seconds 
Number of asset objects unloaded after import = 149
========================================================================
Received Import Request.
  Time since last request: 0.490977 seconds.
  path: Assets/FPS GUN ASSET/Art/Animations/Character/Handguns/A_FP_PCH_Handgun_Fire.fbx
  artifactKey: Guid(2613f806b0b3c254e81855c97b89bbcf) Importer(815301076,1909f56bfc062723c751e8b465ee728b)
Number of updated assets reloaded before import = 0
Start importing Assets/FPS GUN ASSET/Art/Animations/Character/Handguns/A_FP_PCH_Handgun_Fire.fbx using Guid(2613f806b0b3c254e81855c97b89bbcf) Importer(815301076,1909f56bfc062723c751e8b465ee728b)  -> (artifact id: 'd68d1ecacf05a1de13556e100ad4b411') in 0.018434 seconds 
Number of asset objects unloaded after import = 149
========================================================================
Received Import Request.
  Time since last request: 0.015594 seconds.
  path: Assets/FPS GUN ASSET/Art/Animations/Character/_Common/A_FP_PCH_Aim_In_Transition.fbx
  artifactKey: Guid(f39c50a10cfb3fc42b61a61d5a00d00c) Importer(815301076,1909f56bfc062723c751e8b465ee728b)
Number of updated assets reloaded before import = 0
Start importing Assets/FPS GUN ASSET/Art/Animations/Character/_Common/A_FP_PCH_Aim_In_Transition.fbx using Guid(f39c50a10cfb3fc42b61a61d5a00d00c) Importer(815301076,1909f56bfc062723c751e8b465ee728b)  -> (artifact id: '9b8597214ac2757b02d1f23d9a9fb1fa') in 0.018796 seconds 
Number of asset objects unloaded after import = 149
========================================================================
Received Import Request.
  Time since last request: 0.058986 seconds.
  path: Assets/FPS GUN ASSET/Art/Animations/Character/ARs/A_FP_PCH_Fire_Empty.fbx
  artifactKey: Guid(27fe0c2677c53464b8e58c2481fc9252) Importer(815301076,1909f56bfc062723c751e8b465ee728b)
Number of updated assets reloaded before import = 0
Start importing Assets/FPS GUN ASSET/Art/Animations/Character/ARs/A_FP_PCH_Fire_Empty.fbx using Guid(27fe0c2677c53464b8e58c2481fc9252) Importer(815301076,1909f56bfc062723c751e8b465ee728b)  -> (artifact id: 'efcf08e8d69b3e7abcdce94e0a42c47d') in 0.019097 seconds 
Number of asset objects unloaded after import = 148
========================================================================
Received Import Request.
  Time since last request: 0.230812 seconds.
  path: Assets/FPS GUN ASSET/Art/Animations/Character/_Common/A_FP_PCH_Aim_Walk_F.fbx
  artifactKey: Guid(d670add7c7092d94e8a19daee4f7160b) Importer(815301076,1909f56bfc062723c751e8b465ee728b)
Number of updated assets reloaded before import = 0
Start importing Assets/FPS GUN ASSET/Art/Animations/Character/_Common/A_FP_PCH_Aim_Walk_F.fbx using Guid(d670add7c7092d94e8a19daee4f7160b) Importer(815301076,1909f56bfc062723c751e8b465ee728b)  -> (artifact id: '5c58cb1adc1c99630d08f071833d87dd') in 0.021697 seconds 
Number of asset objects unloaded after import = 149
========================================================================
Received Import Request.
  Time since last request: 0.022793 seconds.
  path: Assets/FPS GUN ASSET/Art/Animations/Character/_Common/A_FP_PCH_Run_02.fbx
  artifactKey: Guid(7d59e8a31c0143b4da688c141cc5fecb) Importer(815301076,1909f56bfc062723c751e8b465ee728b)
Number of updated assets reloaded before import = 0
Start importing Assets/FPS GUN ASSET/Art/Animations/Character/_Common/A_FP_PCH_Run_02.fbx using Guid(7d59e8a31c0143b4da688c141cc5fecb) Importer(815301076,1909f56bfc062723c751e8b465ee728b)  -> (artifact id: 'a563274076b95ec0577bab97b723f87e') in 0.035011 seconds 
Number of asset objects unloaded after import = 149
========================================================================
Received Import Request.
  Time since last request: 0.017425 seconds.
  path: Assets/FPS GUN ASSET/Art/Animations/Character/ARs/A_FP_PCH_AR_Aim_Fire_Empty.fbx
  artifactKey: Guid(518d3b89102e6b945b1c19cc4e4c5cc2) Importer(815301076,1909f56bfc062723c751e8b465ee728b)
Number of updated assets reloaded before import = 0
Start importing Assets/FPS GUN ASSET/Art/Animations/Character/ARs/A_FP_PCH_AR_Aim_Fire_Empty.fbx using Guid(518d3b89102e6b945b1c19cc4e4c5cc2) Importer(815301076,1909f56bfc062723c751e8b465ee728b)  -> (artifact id: '2877cf0729cb0a0ad45c8848e371e145') in 0.018965 seconds 
Number of asset objects unloaded after import = 149
========================================================================
Received Import Request.
  Time since last request: 0.314336 seconds.
  path: Assets/FPS GUN ASSET/Art/Animations/Character/ARs/A_FP_PCH_AR_01_Unholster.fbx
  artifactKey: Guid(c454e0fa9f500cb4292fc34b3c21c15a) Importer(815301076,1909f56bfc062723c751e8b465ee728b)
Number of updated assets reloaded before import = 0
Start importing Assets/FPS GUN ASSET/Art/Animations/Character/ARs/A_FP_PCH_AR_01_Unholster.fbx using Guid(c454e0fa9f500cb4292fc34b3c21c15a) Importer(815301076,1909f56bfc062723c751e8b465ee728b)  -> (artifact id: 'e9d777b7cfae999ec89acef860eb5caf') in 0.018861 seconds 
Number of asset objects unloaded after import = 149
========================================================================
Received Import Request.
  Time since last request: 0.042420 seconds.
  path: Assets/FPS GUN ASSET/Art/Animations/Character/ARs/A_FP_PCH_AR_01_Reload.fbx
  artifactKey: Guid(bd8d61cb762c49d489995fa1062356fe) Importer(815301076,1909f56bfc062723c751e8b465ee728b)
Number of updated assets reloaded before import = 0
Start importing Assets/FPS GUN ASSET/Art/Animations/Character/ARs/A_FP_PCH_AR_01_Reload.fbx using Guid(bd8d61cb762c49d489995fa1062356fe) Importer(815301076,1909f56bfc062723c751e8b465ee728b)  -> (artifact id: 'd7245a87d47dff632a6c11c6c3b8d066') in 0.021142 seconds 
Number of asset objects unloaded after import = 149
========================================================================
Received Import Request.
  Time since last request: 0.012439 seconds.
  path: Assets/FPS GUN ASSET/Art/Animations/Character/ARs/A_FP_PCH_AR_01_Inspect.fbx
  artifactKey: Guid(9e2dd26ab6618fd41afde0a260f013b5) Importer(815301076,1909f56bfc062723c751e8b465ee728b)
Number of updated assets reloaded before import = 0
Start importing Assets/FPS GUN ASSET/Art/Animations/Character/ARs/A_FP_PCH_AR_01_Inspect.fbx using Guid(9e2dd26ab6618fd41afde0a260f013b5) Importer(815301076,1909f56bfc062723c751e8b465ee728b)  -> (artifact id: 'e417127e262e8253eb67b9fc59ad694f') in 0.025989 seconds 
Number of asset objects unloaded after import = 149
========================================================================
Received Import Request.
  Time since last request: 0.279535 seconds.
  path: Assets/FPS GUN ASSET/Art/Animations/Character/ARs/A_FP_PCH_AR_01_Holster.fbx
  artifactKey: Guid(720a6531fb0bd3649b7771aaee7cd12e) Importer(815301076,1909f56bfc062723c751e8b465ee728b)
Number of updated assets reloaded before import = 0
Start importing Assets/FPS GUN ASSET/Art/Animations/Character/ARs/A_FP_PCH_AR_01_Holster.fbx using Guid(720a6531fb0bd3649b7771aaee7cd12e) Importer(815301076,1909f56bfc062723c751e8b465ee728b)  -> (artifact id: '8b52f1fa6053412642f40ff7548eca5c') in 0.020750 seconds 
Number of asset objects unloaded after import = 149
========================================================================
Received Import Request.
  Time since last request: 0.030624 seconds.
  path: Assets/Cyberpunk Material Pack/Textures/cyberpunk_2/Materials/6x6_tex_BaseMap.mat
  artifactKey: Guid(cbceba0bc61d50e4e8f07247273d0811) Importer(815301076,1909f56bfc062723c751e8b465ee728b)
Number of updated assets reloaded before import = 0
Start importing Assets/Cyberpunk Material Pack/Textures/cyberpunk_2/Materials/6x6_tex_BaseMap.mat using Guid(cbceba0bc61d50e4e8f07247273d0811) Importer(815301076,1909f56bfc062723c751e8b465ee728b)  -> (artifact id: '39a4c3430653b912b0b5c5cc76d434b4') in 0.013515 seconds 
Number of asset objects unloaded after import = 2
========================================================================
Received Import Request.
  Time since last request: 0.018142 seconds.
  path: Assets/Cyberpunk Material Pack/Textures/cyberpunk_5/Materials/6x6_tex_BaseMap.mat
  artifactKey: Guid(60df1428a68d8394f846631f308c431a) Importer(815301076,1909f56bfc062723c751e8b465ee728b)
Number of updated assets reloaded before import = 0
Start importing Assets/Cyberpunk Material Pack/Textures/cyberpunk_5/Materials/6x6_tex_BaseMap.mat using Guid(60df1428a68d8394f846631f308c431a) Importer(815301076,1909f56bfc062723c751e8b465ee728b)  -> (artifact id: '1f01950f4245f7717737ee7ef9551d14') in 0.012413 seconds 
Number of asset objects unloaded after import = 2
========================================================================
Received Import Request.
  Time since last request: 0.270343 seconds.
  path: Assets/Cyberpunk Material Pack/Textures/cyberpunk_3/Materials/6x6_tex_BaseMap.mat
  artifactKey: Guid(b4a1184f4c68cfe429e76470e86ba856) Importer(815301076,1909f56bfc062723c751e8b465ee728b)
Number of updated assets reloaded before import = 0
Start importing Assets/Cyberpunk Material Pack/Textures/cyberpunk_3/Materials/6x6_tex_BaseMap.mat using Guid(b4a1184f4c68cfe429e76470e86ba856) Importer(815301076,1909f56bfc062723c751e8b465ee728b)  -> (artifact id: '34c06dee0531cf560076e20348f3c27f') in 0.012626 seconds 
Number of asset objects unloaded after import = 2
========================================================================
Received Prepare
Registering precompiled user dll's ...
Registered in 0.002833 seconds.
Begin MonoManager ReloadAssembly
Native extension for WindowsStandalone target not found
Refreshing native plugins compatible for Editor in 0.72 ms, found 4 plugins.
Preloading 0 native plugins for Editor in 0.00 ms.
[Package Manager] Server::EnsureServerProcessIsRunning -- launch failed, reason: Unity was launched with the -noUpm command-line argument
[Package Manager] Cannot connect to Unity Package Manager local server
Mono: successfully reloaded assembly
- Completed reload, in  1.012 seconds
Domain Reload Profiling:
	ReloadAssembly (1013ms)
		BeginReloadAssembly (90ms)
			ExecutionOrderSort (0ms)
			DisableScriptedObjects (2ms)
			BackupInstance (0ms)
			ReleaseScriptingObjects (0ms)
			CreateAndSetChildDomain (27ms)
		EndReloadAssembly (878ms)
			LoadAssemblies (49ms)
			RebuildTransferFunctionScriptingTraits (0ms)
			SetupTypeCache (154ms)
			ReleaseScriptCaches (1ms)
			RebuildScriptCaches (31ms)
			SetupLoadedEditorAssemblies (618ms)
				LogAssemblyErrors (0ms)
				InitializePlatformSupportModulesInManaged (3ms)
				SetLoadedEditorAssemblies (0ms)
				RefreshPlugins (1ms)
				BeforeProcessingInitializeOnLoad (44ms)
				ProcessInitializeOnLoadAttributes (549ms)
				ProcessInitializeOnLoadMethodAttributes (18ms)
				AfterProcessingInitializeOnLoad (2ms)
				EditorAssembliesLoaded (0ms)
			ExecutionOrderSort2 (0ms)
			AwakeInstancesAfterBackupRestoration (5ms)
Platform modules already initialized, skipping
Refreshing native plugins compatible for Editor in 0.76 ms, found 4 plugins.
Preloading 0 native plugins for Editor in 0.00 ms.
Unloading 4077 Unused Serialized files (Serialized files now loaded: 0)
Unloading 22 unused Assets / (58.6 KB). Loaded Objects now: 4648.
Memory consumption went from 167.9 MB to 167.9 MB.
Total: 2.648500 ms (FindLiveObjects: 0.257600 ms CreateObjectMapping: 0.112600 ms MarkObjects: 2.203300 ms  DeleteObjects: 0.074200 ms)

AssetImportParameters requested are different than current active one (requested -> active):
  custom:video-decoder-ogg-theora: a1e56fd34408186e4bbccfd4996cb3dc -> 
  custom:container-muxer-webm: aa71ff27fc2769a1b78a27578f13a17b -> 
  custom:container-demuxer-webm: 4f35f7cbe854078d1ac9338744f61a02 -> 
  custom:video-encoder-webm-vp8: eb34c28f22e8b96e1ab97ce403110664 -> 
  custom:video-codec-MediaFoundation-h265: 746d11721c4dcdbdad8f713fa42b33f4 -> 
  custom:CustomObjectIndexerAttribute: bc11b3a6c3213fcdd17b65e7da85e133 -> 
  custom:audio-encoder-webm-vorbis: bf7c407c2cedff20999df2af8eb42d56 -> 
  custom:framework-win-MediaFoundation: 216162199b28c13a410421893ffa2e32 -> 
  custom:SearchIndexIgnoredProperties: e643bd26f0fe6173181afceb89e7c659 -> 
  custom:container-demuxer-ogg: 62fdf1f143b41e24485cea50d1cbac27 -> 
  custom:video-decoder-webm-vp8: 9c59270c3fd7afecdb556c50c9e8de78 -> 
  custom:audio-decoder-ogg-vorbis: bf7c407c2cedff20999df2af8eb42d56 -> 
========================================================================
Received Prepare
Registering precompiled user dll's ...
Registered in 0.002756 seconds.
Begin MonoManager ReloadAssembly
Native extension for WindowsStandalone target not found
Refreshing native plugins compatible for Editor in 0.52 ms, found 4 plugins.
Preloading 0 native plugins for Editor in 0.00 ms.
[Package Manager] Server::EnsureServerProcessIsRunning -- launch failed, reason: Unity was launched with the -noUpm command-line argument
[Package Manager] Cannot connect to Unity Package Manager local server
Mono: successfully reloaded assembly
- Completed reload, in  0.911 seconds
Domain Reload Profiling:
	ReloadAssembly (911ms)
		BeginReloadAssembly (91ms)
			ExecutionOrderSort (0ms)
			DisableScriptedObjects (2ms)
			BackupInstance (0ms)
			ReleaseScriptingObjects (0ms)
			CreateAndSetChildDomain (25ms)
		EndReloadAssembly (773ms)
			LoadAssemblies (54ms)
			RebuildTransferFunctionScriptingTraits (0ms)
			SetupTypeCache (155ms)
			ReleaseScriptCaches (1ms)
			RebuildScriptCaches (22ms)
			SetupLoadedEditorAssemblies (536ms)
				LogAssemblyErrors (0ms)
				InitializePlatformSupportModulesInManaged (2ms)
				SetLoadedEditorAssemblies (0ms)
				RefreshPlugins (1ms)
				BeforeProcessingInitializeOnLoad (35ms)
				ProcessInitializeOnLoadAttributes (484ms)
				ProcessInitializeOnLoadMethodAttributes (12ms)
				AfterProcessingInitializeOnLoad (1ms)
				EditorAssembliesLoaded (0ms)
			ExecutionOrderSort2 (0ms)
			AwakeInstancesAfterBackupRestoration (4ms)
Platform modules already initialized, skipping
Refreshing native plugins compatible for Editor in 0.61 ms, found 4 plugins.
Preloading 0 native plugins for Editor in 0.00 ms.
Unloading 4077 Unused Serialized files (Serialized files now loaded: 0)
Unloading 22 unused Assets / (66.3 KB). Loaded Objects now: 4651.
Memory consumption went from 167.9 MB to 167.9 MB.
Total: 1.964400 ms (FindLiveObjects: 0.202000 ms CreateObjectMapping: 0.054700 ms MarkObjects: 1.658200 ms  DeleteObjects: 0.048900 ms)

AssetImportParameters requested are different than current active one (requested -> active):
  custom:video-decoder-ogg-theora: a1e56fd34408186e4bbccfd4996cb3dc -> 
  custom:container-muxer-webm: aa71ff27fc2769a1b78a27578f13a17b -> 
  custom:container-demuxer-webm: 4f35f7cbe854078d1ac9338744f61a02 -> 
  custom:video-encoder-webm-vp8: eb34c28f22e8b96e1ab97ce403110664 -> 
  custom:video-codec-MediaFoundation-h265: 746d11721c4dcdbdad8f713fa42b33f4 -> 
  custom:CustomObjectIndexerAttribute: bc11b3a6c3213fcdd17b65e7da85e133 -> 
  custom:audio-encoder-webm-vorbis: bf7c407c2cedff20999df2af8eb42d56 -> 
  custom:framework-win-MediaFoundation: 216162199b28c13a410421893ffa2e32 -> 
  custom:SearchIndexIgnoredProperties: e643bd26f0fe6173181afceb89e7c659 -> 
  custom:container-demuxer-ogg: 62fdf1f143b41e24485cea50d1cbac27 -> 
  custom:video-decoder-webm-vp8: 9c59270c3fd7afecdb556c50c9e8de78 -> 
  custom:audio-decoder-ogg-vorbis: bf7c407c2cedff20999df2af8eb42d56 -> 
========================================================================
Received Prepare
Registering precompiled user dll's ...
Registered in 0.004010 seconds.
Begin MonoManager ReloadAssembly
Native extension for WindowsStandalone target not found
Refreshing native plugins compatible for Editor in 0.66 ms, found 4 plugins.
Preloading 0 native plugins for Editor in 0.00 ms.
[Package Manager] Server::EnsureServerProcessIsRunning -- launch failed, reason: Unity was launched with the -noUpm command-line argument
[Package Manager] Cannot connect to Unity Package Manager local server
Mono: successfully reloaded assembly
- Completed reload, in  1.006 seconds
Domain Reload Profiling:
	ReloadAssembly (1007ms)
		BeginReloadAssembly (85ms)
			ExecutionOrderSort (0ms)
			DisableScriptedObjects (2ms)
			BackupInstance (0ms)
			ReleaseScriptingObjects (0ms)
			CreateAndSetChildDomain (24ms)
		EndReloadAssembly (875ms)
			LoadAssemblies (50ms)
			RebuildTransferFunctionScriptingTraits (0ms)
			SetupTypeCache (157ms)
			ReleaseScriptCaches (1ms)
			RebuildScriptCaches (29ms)
			SetupLoadedEditorAssemblies (610ms)
				LogAssemblyErrors (0ms)
				InitializePlatformSupportModulesInManaged (3ms)
				SetLoadedEditorAssemblies (0ms)
				RefreshPlugins (1ms)
				BeforeProcessingInitializeOnLoad (45ms)
				ProcessInitializeOnLoadAttributes (542ms)
				ProcessInitializeOnLoadMethodAttributes (17ms)
				AfterProcessingInitializeOnLoad (2ms)
				EditorAssembliesLoaded (0ms)
			ExecutionOrderSort2 (0ms)
			AwakeInstancesAfterBackupRestoration (5ms)
Platform modules already initialized, skipping
Refreshing native plugins compatible for Editor in 0.65 ms, found 4 plugins.
Preloading 0 native plugins for Editor in 0.00 ms.
Unloading 4077 Unused Serialized files (Serialized files now loaded: 0)
Unloading 22 unused Assets / (66.3 KB). Loaded Objects now: 4654.
Memory consumption went from 167.9 MB to 167.9 MB.
Total: 2.300000 ms (FindLiveObjects: 0.248000 ms CreateObjectMapping: 0.115400 ms MarkObjects: 1.879000 ms  DeleteObjects: 0.057200 ms)

AssetImportParameters requested are different than current active one (requested -> active):
  custom:video-decoder-ogg-theora: a1e56fd34408186e4bbccfd4996cb3dc -> 
  custom:container-muxer-webm: aa71ff27fc2769a1b78a27578f13a17b -> 
  custom:container-demuxer-webm: 4f35f7cbe854078d1ac9338744f61a02 -> 
  custom:video-encoder-webm-vp8: eb34c28f22e8b96e1ab97ce403110664 -> 
  custom:video-codec-MediaFoundation-h265: 746d11721c4dcdbdad8f713fa42b33f4 -> 
  custom:CustomObjectIndexerAttribute: bc11b3a6c3213fcdd17b65e7da85e133 -> 
  custom:audio-encoder-webm-vorbis: bf7c407c2cedff20999df2af8eb42d56 -> 
  custom:framework-win-MediaFoundation: 216162199b28c13a410421893ffa2e32 -> 
  custom:SearchIndexIgnoredProperties: e643bd26f0fe6173181afceb89e7c659 -> 
  custom:container-demuxer-ogg: 62fdf1f143b41e24485cea50d1cbac27 -> 
  custom:video-decoder-webm-vp8: 9c59270c3fd7afecdb556c50c9e8de78 -> 
  custom:audio-decoder-ogg-vorbis: bf7c407c2cedff20999df2af8eb42d56 -> 
========================================================================
Received Import Request.
  Time since last request: 864.990695 seconds.
  path: Assets/Classic Picture Frame/art.mat
  artifactKey: Guid(479e5ad90db0dcf45b06b665200721bf) Importer(815301076,1909f56bfc062723c751e8b465ee728b)
Number of updated assets reloaded before import = 0
Start importing Assets/Classic Picture Frame/art.mat using Guid(479e5ad90db0dcf45b06b665200721bf) Importer(815301076,1909f56bfc062723c751e8b465ee728b)  -> (artifact id: 'dd3bd1fcf459118554a758bb92aea47e') in 0.053910 seconds 
Number of asset objects unloaded after import = 5
========================================================================
Received Import Request.
  Time since last request: 3.862811 seconds.
  path: Assets/Layout/NavMesh.asset
  artifactKey: Guid(dfeb59eaf51658e4f880c605ded42006) Importer(815301076,1909f56bfc062723c751e8b465ee728b)
Number of updated assets reloaded before import = 0
Start importing Assets/Layout/NavMesh.asset using Guid(dfeb59eaf51658e4f880c605ded42006) Importer(815301076,1909f56bfc062723c751e8b465ee728b)  -> (artifact id: '3c6f8fd613cae3e669ee5256d72b02b1') in 0.005564 seconds 
Number of asset objects unloaded after import = 1
========================================================================
Received Prepare
Registering precompiled user dll's ...
Registered in 0.002656 seconds.
Begin MonoManager ReloadAssembly
Native extension for WindowsStandalone target not found
Refreshing native plugins compatible for Editor in 0.53 ms, found 4 plugins.
Preloading 0 native plugins for Editor in 0.00 ms.
[Package Manager] Server::EnsureServerProcessIsRunning -- launch failed, reason: Unity was launched with the -noUpm command-line argument
[Package Manager] Cannot connect to Unity Package Manager local server
Mono: successfully reloaded assembly
- Completed reload, in  0.994 seconds
Domain Reload Profiling:
	ReloadAssembly (994ms)
		BeginReloadAssembly (101ms)
			ExecutionOrderSort (0ms)
			DisableScriptedObjects (4ms)
			BackupInstance (0ms)
			ReleaseScriptingObjects (0ms)
			CreateAndSetChildDomain (30ms)
		EndReloadAssembly (840ms)
			LoadAssemblies (56ms)
			RebuildTransferFunctionScriptingTraits (0ms)
			SetupTypeCache (156ms)
			ReleaseScriptCaches (1ms)
			RebuildScriptCaches (26ms)
			SetupLoadedEditorAssemblies (587ms)
				LogAssemblyErrors (0ms)
				InitializePlatformSupportModulesInManaged (3ms)
				SetLoadedEditorAssemblies (0ms)
				RefreshPlugins (1ms)
				BeforeProcessingInitializeOnLoad (37ms)
				ProcessInitializeOnLoadAttributes (527ms)
				ProcessInitializeOnLoadMethodAttributes (16ms)
				AfterProcessingInitializeOnLoad (2ms)
				EditorAssembliesLoaded (0ms)
			ExecutionOrderSort2 (0ms)
			AwakeInstancesAfterBackupRestoration (4ms)
Platform modules already initialized, skipping
Refreshing native plugins compatible for Editor in 0.75 ms, found 4 plugins.
Preloading 0 native plugins for Editor in 0.00 ms.
Unloading 4077 Unused Serialized files (Serialized files now loaded: 0)
Unloading 22 unused Assets / (74.2 KB). Loaded Objects now: 4657.
Memory consumption went from 168.0 MB to 167.9 MB.
Total: 2.434600 ms (FindLiveObjects: 0.262100 ms CreateObjectMapping: 0.104600 ms MarkObjects: 1.999300 ms  DeleteObjects: 0.067800 ms)

AssetImportParameters requested are different than current active one (requested -> active):
  custom:video-decoder-ogg-theora: a1e56fd34408186e4bbccfd4996cb3dc -> 
  custom:container-muxer-webm: aa71ff27fc2769a1b78a27578f13a17b -> 
  custom:container-demuxer-webm: 4f35f7cbe854078d1ac9338744f61a02 -> 
  custom:video-encoder-webm-vp8: eb34c28f22e8b96e1ab97ce403110664 -> 
  custom:video-codec-MediaFoundation-h265: 746d11721c4dcdbdad8f713fa42b33f4 -> 
  custom:CustomObjectIndexerAttribute: bc11b3a6c3213fcdd17b65e7da85e133 -> 
  custom:audio-encoder-webm-vorbis: bf7c407c2cedff20999df2af8eb42d56 -> 
  custom:framework-win-MediaFoundation: 216162199b28c13a410421893ffa2e32 -> 
  custom:SearchIndexIgnoredProperties: e643bd26f0fe6173181afceb89e7c659 -> 
  custom:container-demuxer-ogg: 62fdf1f143b41e24485cea50d1cbac27 -> 
  custom:video-decoder-webm-vp8: 9c59270c3fd7afecdb556c50c9e8de78 -> 
  custom:audio-decoder-ogg-vorbis: bf7c407c2cedff20999df2af8eb42d56 -> 
========================================================================
Received Prepare
Registering precompiled user dll's ...
Registered in 0.004593 seconds.
Begin MonoManager ReloadAssembly
Native extension for WindowsStandalone target not found
Refreshing native plugins compatible for Editor in 0.57 ms, found 4 plugins.
Preloading 0 native plugins for Editor in 0.00 ms.
[Package Manager] Server::EnsureServerProcessIsRunning -- launch failed, reason: Unity was launched with the -noUpm command-line argument
[Package Manager] Cannot connect to Unity Package Manager local server
Mono: successfully reloaded assembly
- Completed reload, in  0.954 seconds
Domain Reload Profiling:
	ReloadAssembly (954ms)
		BeginReloadAssembly (87ms)
			ExecutionOrderSort (0ms)
			DisableScriptedObjects (2ms)
			BackupInstance (0ms)
			ReleaseScriptingObjects (0ms)
			CreateAndSetChildDomain (26ms)
		EndReloadAssembly (821ms)
			LoadAssemblies (49ms)
			RebuildTransferFunctionScriptingTraits (0ms)
			SetupTypeCache (144ms)
			ReleaseScriptCaches (1ms)
			RebuildScriptCaches (23ms)
			SetupLoadedEditorAssemblies (585ms)
				LogAssemblyErrors (0ms)
				InitializePlatformSupportModulesInManaged (3ms)
				SetLoadedEditorAssemblies (0ms)
				RefreshPlugins (1ms)
				BeforeProcessingInitializeOnLoad (36ms)
				ProcessInitializeOnLoadAttributes (528ms)
				ProcessInitializeOnLoadMethodAttributes (16ms)
				AfterProcessingInitializeOnLoad (2ms)
				EditorAssembliesLoaded (0ms)
			ExecutionOrderSort2 (0ms)
			AwakeInstancesAfterBackupRestoration (5ms)
Platform modules already initialized, skipping
Refreshing native plugins compatible for Editor in 0.57 ms, found 4 plugins.
Preloading 0 native plugins for Editor in 0.00 ms.
Unloading 4077 Unused Serialized files (Serialized files now loaded: 0)
Unloading 22 unused Assets / (81.8 KB). Loaded Objects now: 4660.
Memory consumption went from 168.0 MB to 167.9 MB.
Total: 2.353500 ms (FindLiveObjects: 0.380900 ms CreateObjectMapping: 0.102500 ms MarkObjects: 1.783300 ms  DeleteObjects: 0.086000 ms)

AssetImportParameters requested are different than current active one (requested -> active):
  custom:video-decoder-ogg-theora: a1e56fd34408186e4bbccfd4996cb3dc -> 
  custom:container-muxer-webm: aa71ff27fc2769a1b78a27578f13a17b -> 
  custom:container-demuxer-webm: 4f35f7cbe854078d1ac9338744f61a02 -> 
  custom:video-encoder-webm-vp8: eb34c28f22e8b96e1ab97ce403110664 -> 
  custom:video-codec-MediaFoundation-h265: 746d11721c4dcdbdad8f713fa42b33f4 -> 
  custom:CustomObjectIndexerAttribute: bc11b3a6c3213fcdd17b65e7da85e133 -> 
  custom:audio-encoder-webm-vorbis: bf7c407c2cedff20999df2af8eb42d56 -> 
  custom:framework-win-MediaFoundation: 216162199b28c13a410421893ffa2e32 -> 
  custom:SearchIndexIgnoredProperties: e643bd26f0fe6173181afceb89e7c659 -> 
  custom:container-demuxer-ogg: 62fdf1f143b41e24485cea50d1cbac27 -> 
  custom:video-decoder-webm-vp8: 9c59270c3fd7afecdb556c50c9e8de78 -> 
  custom:audio-decoder-ogg-vorbis: bf7c407c2cedff20999df2af8eb42d56 -> 
========================================================================
Received Prepare
Registering precompiled user dll's ...
Registered in 0.004073 seconds.
Begin MonoManager ReloadAssembly
Native extension for WindowsStandalone target not found
Refreshing native plugins compatible for Editor in 0.70 ms, found 4 plugins.
Preloading 0 native plugins for Editor in 0.00 ms.
[Package Manager] Server::EnsureServerProcessIsRunning -- launch failed, reason: Unity was launched with the -noUpm command-line argument
[Package Manager] Cannot connect to Unity Package Manager local server
Mono: successfully reloaded assembly
- Completed reload, in  0.990 seconds
Domain Reload Profiling:
	ReloadAssembly (990ms)
		BeginReloadAssembly (92ms)
			ExecutionOrderSort (0ms)
			DisableScriptedObjects (2ms)
			BackupInstance (0ms)
			ReleaseScriptingObjects (0ms)
			CreateAndSetChildDomain (25ms)
		EndReloadAssembly (852ms)
			LoadAssemblies (57ms)
			RebuildTransferFunctionScriptingTraits (0ms)
			SetupTypeCache (135ms)
			ReleaseScriptCaches (1ms)
			RebuildScriptCaches (26ms)
			SetupLoadedEditorAssemblies (613ms)
				LogAssemblyErrors (0ms)
				InitializePlatformSupportModulesInManaged (3ms)
				SetLoadedEditorAssemblies (0ms)
				RefreshPlugins (1ms)
				BeforeProcessingInitializeOnLoad (43ms)
				ProcessInitializeOnLoadAttributes (546ms)
				ProcessInitializeOnLoadMethodAttributes (18ms)
				AfterProcessingInitializeOnLoad (2ms)
				EditorAssembliesLoaded (0ms)
			ExecutionOrderSort2 (0ms)
			AwakeInstancesAfterBackupRestoration (5ms)
Platform modules already initialized, skipping
Refreshing native plugins compatible for Editor in 0.71 ms, found 4 plugins.
Preloading 0 native plugins for Editor in 0.00 ms.
Unloading 4077 Unused Serialized files (Serialized files now loaded: 0)
Unloading 22 unused Assets / (58.6 KB). Loaded Objects now: 4663.
Memory consumption went from 168.0 MB to 167.9 MB.
Total: 2.469800 ms (FindLiveObjects: 0.242000 ms CreateObjectMapping: 0.089100 ms MarkObjects: 2.065000 ms  DeleteObjects: 0.073000 ms)

AssetImportParameters requested are different than current active one (requested -> active):
  custom:video-decoder-ogg-theora: a1e56fd34408186e4bbccfd4996cb3dc -> 
  custom:container-muxer-webm: aa71ff27fc2769a1b78a27578f13a17b -> 
  custom:container-demuxer-webm: 4f35f7cbe854078d1ac9338744f61a02 -> 
  custom:video-encoder-webm-vp8: eb34c28f22e8b96e1ab97ce403110664 -> 
  custom:video-codec-MediaFoundation-h265: 746d11721c4dcdbdad8f713fa42b33f4 -> 
  custom:CustomObjectIndexerAttribute: bc11b3a6c3213fcdd17b65e7da85e133 -> 
  custom:audio-encoder-webm-vorbis: bf7c407c2cedff20999df2af8eb42d56 -> 
  custom:framework-win-MediaFoundation: 216162199b28c13a410421893ffa2e32 -> 
  custom:SearchIndexIgnoredProperties: e643bd26f0fe6173181afceb89e7c659 -> 
  custom:container-demuxer-ogg: 62fdf1f143b41e24485cea50d1cbac27 -> 
  custom:video-decoder-webm-vp8: 9c59270c3fd7afecdb556c50c9e8de78 -> 
  custom:audio-decoder-ogg-vorbis: bf7c407c2cedff20999df2af8eb42d56 -> 
========================================================================
Received Prepare
Registering precompiled user dll's ...
Registered in 0.003952 seconds.
Begin MonoManager ReloadAssembly
Native extension for WindowsStandalone target not found
Refreshing native plugins compatible for Editor in 0.86 ms, found 4 plugins.
Preloading 0 native plugins for Editor in 0.00 ms.
[Package Manager] Server::EnsureServerProcessIsRunning -- launch failed, reason: Unity was launched with the -noUpm command-line argument
[Package Manager] Cannot connect to Unity Package Manager local server
Mono: successfully reloaded assembly
- Completed reload, in  0.957 seconds
Domain Reload Profiling:
	ReloadAssembly (957ms)
		BeginReloadAssembly (103ms)
			ExecutionOrderSort (0ms)
			DisableScriptedObjects (2ms)
			BackupInstance (0ms)
			ReleaseScriptingObjects (0ms)
			CreateAndSetChildDomain (25ms)
		EndReloadAssembly (807ms)
			LoadAssemblies (67ms)
			RebuildTransferFunctionScriptingTraits (0ms)
			SetupTypeCache (151ms)
			ReleaseScriptCaches (1ms)
			RebuildScriptCaches (20ms)
			SetupLoadedEditorAssemblies (568ms)
				LogAssemblyErrors (0ms)
				InitializePlatformSupportModulesInManaged (3ms)
				SetLoadedEditorAssemblies (0ms)
				RefreshPlugins (1ms)
				BeforeProcessingInitializeOnLoad (40ms)
				ProcessInitializeOnLoadAttributes (509ms)
				ProcessInitializeOnLoadMethodAttributes (13ms)
				AfterProcessingInitializeOnLoad (1ms)
				EditorAssembliesLoaded (0ms)
			ExecutionOrderSort2 (0ms)
			AwakeInstancesAfterBackupRestoration (4ms)
Platform modules already initialized, skipping
Refreshing native plugins compatible for Editor in 0.55 ms, found 4 plugins.
Preloading 0 native plugins for Editor in 0.00 ms.
Unloading 4077 Unused Serialized files (Serialized files now loaded: 0)
Unloading 22 unused Assets / (66.3 KB). Loaded Objects now: 4666.
Memory consumption went from 168.0 MB to 167.9 MB.
Total: 2.158100 ms (FindLiveObjects: 0.240100 ms CreateObjectMapping: 0.055400 ms MarkObjects: 1.812800 ms  DeleteObjects: 0.049200 ms)

AssetImportParameters requested are different than current active one (requested -> active):
  custom:video-decoder-ogg-theora: a1e56fd34408186e4bbccfd4996cb3dc -> 
  custom:container-muxer-webm: aa71ff27fc2769a1b78a27578f13a17b -> 
  custom:container-demuxer-webm: 4f35f7cbe854078d1ac9338744f61a02 -> 
  custom:video-encoder-webm-vp8: eb34c28f22e8b96e1ab97ce403110664 -> 
  custom:video-codec-MediaFoundation-h265: 746d11721c4dcdbdad8f713fa42b33f4 -> 
  custom:CustomObjectIndexerAttribute: bc11b3a6c3213fcdd17b65e7da85e133 -> 
  custom:audio-encoder-webm-vorbis: bf7c407c2cedff20999df2af8eb42d56 -> 
  custom:framework-win-MediaFoundation: 216162199b28c13a410421893ffa2e32 -> 
  custom:SearchIndexIgnoredProperties: e643bd26f0fe6173181afceb89e7c659 -> 
  custom:container-demuxer-ogg: 62fdf1f143b41e24485cea50d1cbac27 -> 
  custom:video-decoder-webm-vp8: 9c59270c3fd7afecdb556c50c9e8de78 -> 
  custom:audio-decoder-ogg-vorbis: bf7c407c2cedff20999df2af8eb42d56 -> 
========================================================================
Received Prepare
Registering precompiled user dll's ...
Registered in 0.002681 seconds.
Begin MonoManager ReloadAssembly
Native extension for WindowsStandalone target not found
Refreshing native plugins compatible for Editor in 0.64 ms, found 4 plugins.
Preloading 0 native plugins for Editor in 0.00 ms.
[Package Manager] Server::EnsureServerProcessIsRunning -- launch failed, reason: Unity was launched with the -noUpm command-line argument
[Package Manager] Cannot connect to Unity Package Manager local server
Mono: successfully reloaded assembly
- Completed reload, in  0.991 seconds
Domain Reload Profiling:
	ReloadAssembly (992ms)
		BeginReloadAssembly (84ms)
			ExecutionOrderSort (0ms)
			DisableScriptedObjects (2ms)
			BackupInstance (0ms)
			ReleaseScriptingObjects (0ms)
			CreateAndSetChildDomain (23ms)
		EndReloadAssembly (860ms)
			LoadAssemblies (50ms)
			RebuildTransferFunctionScriptingTraits (0ms)
			SetupTypeCache (152ms)
			ReleaseScriptCaches (1ms)
			RebuildScriptCaches (31ms)
			SetupLoadedEditorAssemblies (601ms)
				LogAssemblyErrors (0ms)
				InitializePlatformSupportModulesInManaged (3ms)
				SetLoadedEditorAssemblies (0ms)
				RefreshPlugins (1ms)
				BeforeProcessingInitializeOnLoad (40ms)
				ProcessInitializeOnLoadAttributes (537ms)
				ProcessInitializeOnLoadMethodAttributes (17ms)
				AfterProcessingInitializeOnLoad (3ms)
				EditorAssembliesLoaded (0ms)
			ExecutionOrderSort2 (0ms)
			AwakeInstancesAfterBackupRestoration (5ms)
Platform modules already initialized, skipping
Refreshing native plugins compatible for Editor in 0.66 ms, found 4 plugins.
Preloading 0 native plugins for Editor in 0.00 ms.
Unloading 4077 Unused Serialized files (Serialized files now loaded: 0)
Unloading 22 unused Assets / (58.5 KB). Loaded Objects now: 4669.
Memory consumption went from 168.0 MB to 167.9 MB.
Total: 2.375800 ms (FindLiveObjects: 0.232400 ms CreateObjectMapping: 0.103300 ms MarkObjects: 1.979800 ms  DeleteObjects: 0.059800 ms)

AssetImportParameters requested are different than current active one (requested -> active):
  custom:video-decoder-ogg-theora: a1e56fd34408186e4bbccfd4996cb3dc -> 
  custom:container-muxer-webm: aa71ff27fc2769a1b78a27578f13a17b -> 
  custom:container-demuxer-webm: 4f35f7cbe854078d1ac9338744f61a02 -> 
  custom:video-encoder-webm-vp8: eb34c28f22e8b96e1ab97ce403110664 -> 
  custom:video-codec-MediaFoundation-h265: 746d11721c4dcdbdad8f713fa42b33f4 -> 
  custom:CustomObjectIndexerAttribute: bc11b3a6c3213fcdd17b65e7da85e133 -> 
  custom:audio-encoder-webm-vorbis: bf7c407c2cedff20999df2af8eb42d56 -> 
  custom:framework-win-MediaFoundation: 216162199b28c13a410421893ffa2e32 -> 
  custom:SearchIndexIgnoredProperties: e643bd26f0fe6173181afceb89e7c659 -> 
  custom:container-demuxer-ogg: 62fdf1f143b41e24485cea50d1cbac27 -> 
  custom:video-decoder-webm-vp8: 9c59270c3fd7afecdb556c50c9e8de78 -> 
  custom:audio-decoder-ogg-vorbis: bf7c407c2cedff20999df2af8eb42d56 -> 
========================================================================
Received Prepare
Registering precompiled user dll's ...
Registered in 0.002623 seconds.
Begin MonoManager ReloadAssembly
Native extension for WindowsStandalone target not found
Refreshing native plugins compatible for Editor in 0.84 ms, found 4 plugins.
Preloading 0 native plugins for Editor in 0.00 ms.
[Package Manager] Server::EnsureServerProcessIsRunning -- launch failed, reason: Unity was launched with the -noUpm command-line argument
[Package Manager] Cannot connect to Unity Package Manager local server
Mono: successfully reloaded assembly
- Completed reload, in  0.919 seconds
Domain Reload Profiling:
	ReloadAssembly (919ms)
		BeginReloadAssembly (83ms)
			ExecutionOrderSort (0ms)
			DisableScriptedObjects (2ms)
			BackupInstance (0ms)
			ReleaseScriptingObjects (0ms)
			CreateAndSetChildDomain (23ms)
		EndReloadAssembly (783ms)
			LoadAssemblies (48ms)
			RebuildTransferFunctionScriptingTraits (0ms)
			SetupTypeCache (138ms)
			ReleaseScriptCaches (1ms)
			RebuildScriptCaches (25ms)
			SetupLoadedEditorAssemblies (556ms)
				LogAssemblyErrors (0ms)
				InitializePlatformSupportModulesInManaged (3ms)
				SetLoadedEditorAssemblies (0ms)
				RefreshPlugins (1ms)
				BeforeProcessingInitializeOnLoad (41ms)
				ProcessInitializeOnLoadAttributes (494ms)
				ProcessInitializeOnLoadMethodAttributes (16ms)
				AfterProcessingInitializeOnLoad (1ms)
				EditorAssembliesLoaded (0ms)
			ExecutionOrderSort2 (0ms)
			AwakeInstancesAfterBackupRestoration (4ms)
Platform modules already initialized, skipping
Refreshing native plugins compatible for Editor in 0.63 ms, found 4 plugins.
Preloading 0 native plugins for Editor in 0.00 ms.
Unloading 4077 Unused Serialized files (Serialized files now loaded: 0)
Unloading 22 unused Assets / (66.3 KB). Loaded Objects now: 4672.
Memory consumption went from 168.0 MB to 167.9 MB.
Total: 2.547600 ms (FindLiveObjects: 0.237200 ms CreateObjectMapping: 0.055200 ms MarkObjects: 2.198800 ms  DeleteObjects: 0.055900 ms)

AssetImportParameters requested are different than current active one (requested -> active):
  custom:video-decoder-ogg-theora: a1e56fd34408186e4bbccfd4996cb3dc -> 
  custom:container-muxer-webm: aa71ff27fc2769a1b78a27578f13a17b -> 
  custom:container-demuxer-webm: 4f35f7cbe854078d1ac9338744f61a02 -> 
  custom:video-encoder-webm-vp8: eb34c28f22e8b96e1ab97ce403110664 -> 
  custom:video-codec-MediaFoundation-h265: 746d11721c4dcdbdad8f713fa42b33f4 -> 
  custom:CustomObjectIndexerAttribute: bc11b3a6c3213fcdd17b65e7da85e133 -> 
  custom:audio-encoder-webm-vorbis: bf7c407c2cedff20999df2af8eb42d56 -> 
  custom:framework-win-MediaFoundation: 216162199b28c13a410421893ffa2e32 -> 
  custom:SearchIndexIgnoredProperties: e643bd26f0fe6173181afceb89e7c659 -> 
  custom:container-demuxer-ogg: 62fdf1f143b41e24485cea50d1cbac27 -> 
  custom:video-decoder-webm-vp8: 9c59270c3fd7afecdb556c50c9e8de78 -> 
  custom:audio-decoder-ogg-vorbis: bf7c407c2cedff20999df2af8eb42d56 -> 
========================================================================
Received Prepare
Registering precompiled user dll's ...
Registered in 0.003570 seconds.
Begin MonoManager ReloadAssembly
Native extension for WindowsStandalone target not found
Refreshing native plugins compatible for Editor in 0.65 ms, found 4 plugins.
Preloading 0 native plugins for Editor in 0.00 ms.
[Package Manager] Server::EnsureServerProcessIsRunning -- launch failed, reason: Unity was launched with the -noUpm command-line argument
[Package Manager] Cannot connect to Unity Package Manager local server
Mono: successfully reloaded assembly
- Completed reload, in  1.000 seconds
Domain Reload Profiling:
	ReloadAssembly (1001ms)
		BeginReloadAssembly (100ms)
			ExecutionOrderSort (0ms)
			DisableScriptedObjects (2ms)
			BackupInstance (0ms)
			ReleaseScriptingObjects (0ms)
			CreateAndSetChildDomain (24ms)
		EndReloadAssembly (852ms)
			LoadAssemblies (62ms)
			RebuildTransferFunctionScriptingTraits (0ms)
			SetupTypeCache (160ms)
			ReleaseScriptCaches (1ms)
			RebuildScriptCaches (29ms)
			SetupLoadedEditorAssemblies (585ms)
				LogAssemblyErrors (0ms)
				InitializePlatformSupportModulesInManaged (3ms)
				SetLoadedEditorAssemblies (0ms)
				RefreshPlugins (1ms)
				BeforeProcessingInitializeOnLoad (40ms)
				ProcessInitializeOnLoadAttributes (525ms)
				ProcessInitializeOnLoadMethodAttributes (14ms)
				AfterProcessingInitializeOnLoad (2ms)
				EditorAssembliesLoaded (0ms)
			ExecutionOrderSort2 (0ms)
			AwakeInstancesAfterBackupRestoration (5ms)
Platform modules already initialized, skipping
Refreshing native plugins compatible for Editor in 0.78 ms, found 4 plugins.
Preloading 0 native plugins for Editor in 0.00 ms.
Unloading 4077 Unused Serialized files (Serialized files now loaded: 0)
Unloading 22 unused Assets / (58.6 KB). Loaded Objects now: 4675.
Memory consumption went from 168.0 MB to 167.9 MB.
Total: 2.188300 ms (FindLiveObjects: 0.230300 ms CreateObjectMapping: 0.056700 ms MarkObjects: 1.846100 ms  DeleteObjects: 0.054600 ms)

AssetImportParameters requested are different than current active one (requested -> active):
  custom:video-decoder-ogg-theora: a1e56fd34408186e4bbccfd4996cb3dc -> 
  custom:container-muxer-webm: aa71ff27fc2769a1b78a27578f13a17b -> 
  custom:container-demuxer-webm: 4f35f7cbe854078d1ac9338744f61a02 -> 
  custom:video-encoder-webm-vp8: eb34c28f22e8b96e1ab97ce403110664 -> 
  custom:video-codec-MediaFoundation-h265: 746d11721c4dcdbdad8f713fa42b33f4 -> 
  custom:CustomObjectIndexerAttribute: bc11b3a6c3213fcdd17b65e7da85e133 -> 
  custom:audio-encoder-webm-vorbis: bf7c407c2cedff20999df2af8eb42d56 -> 
  custom:framework-win-MediaFoundation: 216162199b28c13a410421893ffa2e32 -> 
  custom:SearchIndexIgnoredProperties: e643bd26f0fe6173181afceb89e7c659 -> 
  custom:container-demuxer-ogg: 62fdf1f143b41e24485cea50d1cbac27 -> 
  custom:video-decoder-webm-vp8: 9c59270c3fd7afecdb556c50c9e8de78 -> 
  custom:audio-decoder-ogg-vorbis: bf7c407c2cedff20999df2af8eb42d56 -> 
========================================================================
Received Import Request.
  Time since last request: 1059.342856 seconds.
  path: ProjectSettings/TagManager.asset
  artifactKey: Guid(00000000000000003000000000000000) Importer(815301076,1909f56bfc062723c751e8b465ee728b)
Number of updated assets reloaded before import = 0
Start importing ProjectSettings/TagManager.asset using Guid(00000000000000003000000000000000) Importer(815301076,1909f56bfc062723c751e8b465ee728b)  -> (artifact id: '5f74b9f0782f3ffe8a654b2b60a9f33c') in 0.030385 seconds 
Number of asset objects unloaded after import = 0
========================================================================
Received Import Request.
  Time since last request: 91.697418 seconds.
  path: Assets/Enemies/EnemyScripts
  artifactKey: Guid(f7616c9d956839f498d03560d5398ddc) Importer(815301076,1909f56bfc062723c751e8b465ee728b)
Number of updated assets reloaded before import = 0
Start importing Assets/Enemies/EnemyScripts using Guid(f7616c9d956839f498d03560d5398ddc) Importer(815301076,1909f56bfc062723c751e8b465ee728b)  -> (artifact id: 'cf2bec5709e09c5ec42b26c09548c7fa') in 0.005915 seconds 
Number of asset objects unloaded after import = 0
========================================================================
Received Import Request.
  Time since last request: 8.161150 seconds.
  path: Assets/Enemies/EnemyScripts/AttackState.cs
  artifactKey: Guid(ad0fc593bfd06fa44af23bf9287bd32c) Importer(815301076,1909f56bfc062723c751e8b465ee728b)
Number of updated assets reloaded before import = 0
Start importing Assets/Enemies/EnemyScripts/AttackState.cs using Guid(ad0fc593bfd06fa44af23bf9287bd32c) Importer(815301076,1909f56bfc062723c751e8b465ee728b)  -> (artifact id: 'c6d80736315a3a384e025183265eb51e') in 0.008585 seconds 
Number of asset objects unloaded after import = 0
========================================================================
Received Prepare
Registering precompiled user dll's ...
Registered in 0.004301 seconds.
Begin MonoManager ReloadAssembly
Native extension for WindowsStandalone target not found
Refreshing native plugins compatible for Editor in 0.52 ms, found 4 plugins.
Preloading 0 native plugins for Editor in 0.00 ms.
[Package Manager] Server::EnsureServerProcessIsRunning -- launch failed, reason: Unity was launched with the -noUpm command-line argument
[Package Manager] Cannot connect to Unity Package Manager local server
Mono: successfully reloaded assembly
- Completed reload, in  0.998 seconds
Domain Reload Profiling:
	ReloadAssembly (998ms)
		BeginReloadAssembly (98ms)
			ExecutionOrderSort (0ms)
			DisableScriptedObjects (3ms)
			BackupInstance (0ms)
			ReleaseScriptingObjects (0ms)
			CreateAndSetChildDomain (30ms)
		EndReloadAssembly (846ms)
			LoadAssemblies (55ms)
			RebuildTransferFunctionScriptingTraits (0ms)
			SetupTypeCache (167ms)
			ReleaseScriptCaches (1ms)
			RebuildScriptCaches (26ms)
			SetupLoadedEditorAssemblies (579ms)
				LogAssemblyErrors (0ms)
				InitializePlatformSupportModulesInManaged (2ms)
				SetLoadedEditorAssemblies (0ms)
				RefreshPlugins (1ms)
				BeforeProcessingInitializeOnLoad (35ms)
				ProcessInitializeOnLoadAttributes (520ms)
				ProcessInitializeOnLoadMethodAttributes (18ms)
				AfterProcessingInitializeOnLoad (1ms)
				EditorAssembliesLoaded (0ms)
			ExecutionOrderSort2 (0ms)
			AwakeInstancesAfterBackupRestoration (5ms)
Platform modules already initialized, skipping
Refreshing native plugins compatible for Editor in 0.77 ms, found 4 plugins.
Preloading 0 native plugins for Editor in 0.00 ms.
Unloading 4078 Unused Serialized files (Serialized files now loaded: 0)
Unloading 23 unused Assets / (81.8 KB). Loaded Objects now: 4679.
Memory consumption went from 168.1 MB to 168.0 MB.
Total: 2.301600 ms (FindLiveObjects: 0.261400 ms CreateObjectMapping: 0.057000 ms MarkObjects: 1.923400 ms  DeleteObjects: 0.059100 ms)

AssetImportParameters requested are different than current active one (requested -> active):
  custom:video-decoder-ogg-theora: a1e56fd34408186e4bbccfd4996cb3dc -> 
  custom:container-muxer-webm: aa71ff27fc2769a1b78a27578f13a17b -> 
  custom:container-demuxer-webm: 4f35f7cbe854078d1ac9338744f61a02 -> 
  custom:video-encoder-webm-vp8: eb34c28f22e8b96e1ab97ce403110664 -> 
  custom:video-codec-MediaFoundation-h265: 746d11721c4dcdbdad8f713fa42b33f4 -> 
  custom:CustomObjectIndexerAttribute: bc11b3a6c3213fcdd17b65e7da85e133 -> 
  custom:audio-encoder-webm-vorbis: bf7c407c2cedff20999df2af8eb42d56 -> 
  custom:framework-win-MediaFoundation: 216162199b28c13a410421893ffa2e32 -> 
  custom:SearchIndexIgnoredProperties: e643bd26f0fe6173181afceb89e7c659 -> 
  custom:container-demuxer-ogg: 62fdf1f143b41e24485cea50d1cbac27 -> 
  custom:video-decoder-webm-vp8: 9c59270c3fd7afecdb556c50c9e8de78 -> 
  custom:audio-decoder-ogg-vorbis: bf7c407c2cedff20999df2af8eb42d56 -> 
========================================================================
Received Import Request.
  Time since last request: 7829.070394 seconds.
  path: Assets/Enemies/EnemyScripts/AttackState.cs
  artifactKey: Guid(ad0fc593bfd06fa44af23bf9287bd32c) Importer(815301076,1909f56bfc062723c751e8b465ee728b)
Number of updated assets reloaded before import = 0
Start importing Assets/Enemies/EnemyScripts/AttackState.cs using Guid(ad0fc593bfd06fa44af23bf9287bd32c) Importer(815301076,1909f56bfc062723c751e8b465ee728b)  -> (artifact id: 'c010899fec2660d44b0c750493d2b329') in 0.031596 seconds 
Number of asset objects unloaded after import = 0
========================================================================
Received Prepare
Registering precompiled user dll's ...
Registered in 0.002781 seconds.
Begin MonoManager ReloadAssembly
Native extension for WindowsStandalone target not found
Refreshing native plugins compatible for Editor in 0.81 ms, found 4 plugins.
Preloading 0 native plugins for Editor in 0.00 ms.
[Package Manager] Server::EnsureServerProcessIsRunning -- launch failed, reason: Unity was launched with the -noUpm command-line argument
[Package Manager] Cannot connect to Unity Package Manager local server
Mono: successfully reloaded assembly
- Completed reload, in  1.085 seconds
Domain Reload Profiling:
	ReloadAssembly (1086ms)
		BeginReloadAssembly (127ms)
			ExecutionOrderSort (0ms)
			DisableScriptedObjects (3ms)
			BackupInstance (0ms)
			ReleaseScriptingObjects (0ms)
			CreateAndSetChildDomain (42ms)
		EndReloadAssembly (907ms)
			LoadAssemblies (76ms)
			RebuildTransferFunctionScriptingTraits (0ms)
			SetupTypeCache (192ms)
			ReleaseScriptCaches (1ms)
			RebuildScriptCaches (28ms)
			SetupLoadedEditorAssemblies (598ms)
				LogAssemblyErrors (0ms)
				InitializePlatformSupportModulesInManaged (4ms)
				SetLoadedEditorAssemblies (1ms)
				RefreshPlugins (1ms)
				BeforeProcessingInitializeOnLoad (43ms)
				ProcessInitializeOnLoadAttributes (534ms)
				ProcessInitializeOnLoadMethodAttributes (15ms)
				AfterProcessingInitializeOnLoad (1ms)
				EditorAssembliesLoaded (0ms)
			ExecutionOrderSort2 (0ms)
			AwakeInstancesAfterBackupRestoration (4ms)
Platform modules already initialized, skipping
Refreshing native plugins compatible for Editor in 0.58 ms, found 4 plugins.
Preloading 0 native plugins for Editor in 0.00 ms.
Unloading 4078 Unused Serialized files (Serialized files now loaded: 0)
Unloading 22 unused Assets / (66.2 KB). Loaded Objects now: 4682.
Memory consumption went from 168.1 MB to 168.0 MB.
Total: 2.765800 ms (FindLiveObjects: 0.263300 ms CreateObjectMapping: 0.057800 ms MarkObjects: 2.304000 ms  DeleteObjects: 0.140100 ms)

AssetImportParameters requested are different than current active one (requested -> active):
  custom:video-decoder-ogg-theora: a1e56fd34408186e4bbccfd4996cb3dc -> 
  custom:container-muxer-webm: aa71ff27fc2769a1b78a27578f13a17b -> 
  custom:container-demuxer-webm: 4f35f7cbe854078d1ac9338744f61a02 -> 
  custom:video-encoder-webm-vp8: eb34c28f22e8b96e1ab97ce403110664 -> 
  custom:video-codec-MediaFoundation-h265: 746d11721c4dcdbdad8f713fa42b33f4 -> 
  custom:CustomObjectIndexerAttribute: bc11b3a6c3213fcdd17b65e7da85e133 -> 
  custom:audio-encoder-webm-vorbis: bf7c407c2cedff20999df2af8eb42d56 -> 
  custom:framework-win-MediaFoundation: 216162199b28c13a410421893ffa2e32 -> 
  custom:SearchIndexIgnoredProperties: e643bd26f0fe6173181afceb89e7c659 -> 
  custom:container-demuxer-ogg: 62fdf1f143b41e24485cea50d1cbac27 -> 
  custom:video-decoder-webm-vp8: 9c59270c3fd7afecdb556c50c9e8de78 -> 
  custom:audio-decoder-ogg-vorbis: bf7c407c2cedff20999df2af8eb42d56 -> 
========================================================================
Received Prepare
Registering precompiled user dll's ...
Registered in 0.002689 seconds.
Begin MonoManager ReloadAssembly
Native extension for WindowsStandalone target not found
Refreshing native plugins compatible for Editor in 0.67 ms, found 4 plugins.
Preloading 0 native plugins for Editor in 0.00 ms.
[Package Manager] Server::EnsureServerProcessIsRunning -- launch failed, reason: Unity was launched with the -noUpm command-line argument
[Package Manager] Cannot connect to Unity Package Manager local server
Mono: successfully reloaded assembly
- Completed reload, in  1.025 seconds
Domain Reload Profiling:
	ReloadAssembly (1025ms)
		BeginReloadAssembly (89ms)
			ExecutionOrderSort (0ms)
			DisableScriptedObjects (2ms)
			BackupInstance (0ms)
			ReleaseScriptingObjects (0ms)
			CreateAndSetChildDomain (24ms)
		EndReloadAssembly (890ms)
			LoadAssemblies (52ms)
			RebuildTransferFunctionScriptingTraits (0ms)
			SetupTypeCache (168ms)
			ReleaseScriptCaches (1ms)
			RebuildScriptCaches (29ms)
			SetupLoadedEditorAssemblies (615ms)
				LogAssemblyErrors (0ms)
				InitializePlatformSupportModulesInManaged (3ms)
				SetLoadedEditorAssemblies (0ms)
				RefreshPlugins (1ms)
				BeforeProcessingInitializeOnLoad (42ms)
				ProcessInitializeOnLoadAttributes (549ms)
				ProcessInitializeOnLoadMethodAttributes (18ms)
				AfterProcessingInitializeOnLoad (2ms)
				EditorAssembliesLoaded (0ms)
			ExecutionOrderSort2 (0ms)
			AwakeInstancesAfterBackupRestoration (5ms)
Platform modules already initialized, skipping
Refreshing native plugins compatible for Editor in 0.71 ms, found 4 plugins.
Preloading 0 native plugins for Editor in 0.00 ms.
Unloading 4078 Unused Serialized files (Serialized files now loaded: 0)
Unloading 22 unused Assets / (58.5 KB). Loaded Objects now: 4685.
Memory consumption went from 168.1 MB to 168.0 MB.
Total: 2.525400 ms (FindLiveObjects: 0.371500 ms CreateObjectMapping: 0.095800 ms MarkObjects: 1.995800 ms  DeleteObjects: 0.061700 ms)

AssetImportParameters requested are different than current active one (requested -> active):
  custom:video-decoder-ogg-theora: a1e56fd34408186e4bbccfd4996cb3dc -> 
  custom:container-muxer-webm: aa71ff27fc2769a1b78a27578f13a17b -> 
  custom:container-demuxer-webm: 4f35f7cbe854078d1ac9338744f61a02 -> 
  custom:video-encoder-webm-vp8: eb34c28f22e8b96e1ab97ce403110664 -> 
  custom:video-codec-MediaFoundation-h265: 746d11721c4dcdbdad8f713fa42b33f4 -> 
  custom:CustomObjectIndexerAttribute: bc11b3a6c3213fcdd17b65e7da85e133 -> 
  custom:audio-encoder-webm-vorbis: bf7c407c2cedff20999df2af8eb42d56 -> 
  custom:framework-win-MediaFoundation: 216162199b28c13a410421893ffa2e32 -> 
  custom:SearchIndexIgnoredProperties: e643bd26f0fe6173181afceb89e7c659 -> 
  custom:container-demuxer-ogg: 62fdf1f143b41e24485cea50d1cbac27 -> 
  custom:video-decoder-webm-vp8: 9c59270c3fd7afecdb556c50c9e8de78 -> 
  custom:audio-decoder-ogg-vorbis: bf7c407c2cedff20999df2af8eb42d56 -> 
========================================================================
Received Import Request.
  Time since last request: 881.346251 seconds.
  path: Assets/FPS GUN ASSET/Animators/Character/OC_LPSP_PCH_AR_01.overrideController
  artifactKey: Guid(1288116e5192cd84b808721e453eb7e7) Importer(815301076,1909f56bfc062723c751e8b465ee728b)
Number of updated assets reloaded before import = 0
Start importing Assets/FPS GUN ASSET/Animators/Character/OC_LPSP_PCH_AR_01.overrideController using Guid(1288116e5192cd84b808721e453eb7e7) Importer(815301076,1909f56bfc062723c751e8b465ee728b)  -> (artifact id: 'e113287691bc3a06076549d152d97b76') in 1.175805 seconds 
Number of asset objects unloaded after import = 83
========================================================================
Received Import Request.
  Time since last request: 0.000018 seconds.
  path: Assets/FPS GUN ASSET/Animators/Weapons/OC_LPSP_WEP_AR_01.overrideController
  artifactKey: Guid(290925d56c590904889ea4825dd212b8) Importer(815301076,1909f56bfc062723c751e8b465ee728b)
Number of updated assets reloaded before import = 0
Start importing Assets/FPS GUN ASSET/Animators/Weapons/OC_LPSP_WEP_AR_01.overrideController using Guid(290925d56c590904889ea4825dd212b8) Importer(815301076,1909f56bfc062723c751e8b465ee728b)  -> (artifact id: 'f7656430adea8b781fd2df3b03dbb116') in 0.019954 seconds 
Number of asset objects unloaded after import = 13
========================================================================
Received Import Request.
  Time since last request: 0.000019 seconds.
  path: Assets/FPS GUN ASSET/Animators/Weapons/OC_LPSP_WEP_Handgun_03.overrideController
  artifactKey: Guid(d0f061f165597314d870681ebaff4ca9) Importer(815301076,1909f56bfc062723c751e8b465ee728b)
Number of updated assets reloaded before import = 0
Start importing Assets/FPS GUN ASSET/Animators/Weapons/OC_LPSP_WEP_Handgun_03.overrideController using Guid(d0f061f165597314d870681ebaff4ca9) Importer(815301076,1909f56bfc062723c751e8b465ee728b)  -> (artifact id: '64ff81897a3fbedd71958b82a62c270e') in 0.018000 seconds 
Number of asset objects unloaded after import = 16
========================================================================
Received Import Request.
  Time since last request: 391.743626 seconds.
  path: Assets/FPS GUN ASSET/Art/Meshes/Weapons/ARs/SK_AR_01.fbx
  artifactKey: Guid(bfda376b0f658a748870ea8f7c2c7c03) Importer(815301076,1909f56bfc062723c751e8b465ee728b)
Number of updated assets reloaded before import = 0
Start importing Assets/FPS GUN ASSET/Art/Meshes/Weapons/ARs/SK_AR_01.fbx using Guid(bfda376b0f658a748870ea8f7c2c7c03) Importer(815301076,1909f56bfc062723c751e8b465ee728b)  -> (artifact id: '47854d95bd7bd8cfd7230325d01802a1') in 0.087979 seconds 
Number of asset objects unloaded after import = 49
========================================================================
Received Import Request.
  Time since last request: 0.000014 seconds.
  path: Assets/FPS GUN ASSET/Art/Meshes/Weapons/Handguns/SK_Handgun_03.fbx
  artifactKey: Guid(40cb849895dd45645ac3fadcc88190af) Importer(815301076,1909f56bfc062723c751e8b465ee728b)
Number of updated assets reloaded before import = 0
Start importing Assets/FPS GUN ASSET/Art/Meshes/Weapons/Handguns/SK_Handgun_03.fbx using Guid(40cb849895dd45645ac3fadcc88190af) Importer(815301076,1909f56bfc062723c751e8b465ee728b)  -> (artifact id: '6c11fbe0610d8c550e17ffeac4050b45') in 0.028604 seconds 
Number of asset objects unloaded after import = 52
========================================================================
Received Import Request.
  Time since last request: 214.328848 seconds.
  path: Assets/New Animator Controller.controller
  artifactKey: Guid(5faa4282351fd5948898e25d8f12f5ad) Importer(815301076,1909f56bfc062723c751e8b465ee728b)
Number of updated assets reloaded before import = 0
Start importing Assets/New Animator Controller.controller using Guid(5faa4282351fd5948898e25d8f12f5ad) Importer(815301076,1909f56bfc062723c751e8b465ee728b)  -> (artifact id: '0ceeb37ff57f8e277252a440bffa16a1') in 0.006970 seconds 
Number of asset objects unloaded after import = 1
========================================================================
Received Import Request.
  Time since last request: 12.546493 seconds.
  path: Assets/Eobot Controller.controller
  artifactKey: Guid(5faa4282351fd5948898e25d8f12f5ad) Importer(815301076,1909f56bfc062723c751e8b465ee728b)
Number of updated assets reloaded before import = 0
Start importing Assets/Eobot Controller.controller using Guid(5faa4282351fd5948898e25d8f12f5ad) Importer(815301076,1909f56bfc062723c751e8b465ee728b)  -> (artifact id: '0183d31f1e58b05a503909b7b2709d66') in 0.005973 seconds 
Number of asset objects unloaded after import = 2
========================================================================
Received Import Request.
  Time since last request: 14.697460 seconds.
  path: Assets/Robot Controller.controller
  artifactKey: Guid(5faa4282351fd5948898e25d8f12f5ad) Importer(815301076,1909f56bfc062723c751e8b465ee728b)
Number of updated assets reloaded before import = 0
Start importing Assets/Robot Controller.controller using Guid(5faa4282351fd5948898e25d8f12f5ad) Importer(815301076,1909f56bfc062723c751e8b465ee728b)  -> (artifact id: 'dce60d19e1b5416934ca92f0d37f9278') in 0.007262 seconds 
Number of asset objects unloaded after import = 2
========================================================================
Received Import Request.
  Time since last request: 23.456611 seconds.
  path: Assets/Layout.prefab
  artifactKey: Guid(ff24d9a8c70277a49a1b389da63dd870) Importer(815301076,1909f56bfc062723c751e8b465ee728b)
Number of updated assets reloaded before import = 0
Start importing Assets/Layout.prefab using Guid(ff24d9a8c70277a49a1b389da63dd870) Importer(815301076,1909f56bfc062723c751e8b465ee728b)  -> (artifact id: '978ba22a7a1a2e97d44b3977d0e83e3c') in 0.013446 seconds 
Number of asset objects unloaded after import = 165
========================================================================
Received Import Request.
  Time since last request: 1.563153 seconds.
  path: Assets/Layout.prefab
  artifactKey: Guid(ff24d9a8c70277a49a1b389da63dd870) Importer(815301076,1909f56bfc062723c751e8b465ee728b)
Number of updated assets reloaded before import = 0
Start importing Assets/Layout.prefab using Guid(ff24d9a8c70277a49a1b389da63dd870) Importer(815301076,1909f56bfc062723c751e8b465ee728b)  -> (artifact id: '3b8de8848e3e56515e944d6158cf2e86') in 0.004103 seconds 
Number of asset objects unloaded after import = 164
========================================================================
Received Import Request.
  Time since last request: 476.825994 seconds.
  path: Assets/Blink/Art
  artifactKey: Guid(f3d122dbaee269142945faeed581a6f3) Importer(815301076,1909f56bfc062723c751e8b465ee728b)
Number of updated assets reloaded before import = 0
Start importing Assets/Blink/Art using Guid(f3d122dbaee269142945faeed581a6f3) Importer(815301076,1909f56bfc062723c751e8b465ee728b)  -> (artifact id: 'c40ae6afbc29d7d5f2aa4cbd4631eb76') in 0.006522 seconds 
Number of asset objects unloaded after import = 0
========================================================================
Received Import Request.
  Time since last request: 0.655377 seconds.
  path: Assets/Blink/Art/Animations
  artifactKey: Guid(1853250aeceade34285dd12cbb1ad2b5) Importer(815301076,1909f56bfc062723c751e8b465ee728b)
Number of updated assets reloaded before import = 0
Start importing Assets/Blink/Art/Animations using Guid(1853250aeceade34285dd12cbb1ad2b5) Importer(815301076,1909f56bfc062723c751e8b465ee728b)  -> (artifact id: '0b3248eba24e5a8a5778703abad8235f') in 0.005294 seconds 
Number of asset objects unloaded after import = 0
========================================================================
Received Import Request.
  Time since last request: 0.736294 seconds.
  path: Assets/Blink/Art/Animations/Animations_Starter_Pack
  artifactKey: Guid(33b29a0c24489b3439e46c18fdf5eb5c) Importer(815301076,1909f56bfc062723c751e8b465ee728b)
Number of updated assets reloaded before import = 0
Start importing Assets/Blink/Art/Animations/Animations_Starter_Pack using Guid(33b29a0c24489b3439e46c18fdf5eb5c) Importer(815301076,1909f56bfc062723c751e8b465ee728b)  -> (artifact id: 'b636b85d9a1f800f6960dbe979e3cea5') in 0.005548 seconds 
Number of asset objects unloaded after import = 0
========================================================================
Received Import Request.
  Time since last request: 77.462043 seconds.
  path: Assets/Blink/Art/Animations/Animations_Starter_Pack/Movement
  artifactKey: Guid(0794742d7d4be8242b3a0fd27cae7c13) Importer(815301076,1909f56bfc062723c751e8b465ee728b)
Number of updated assets reloaded before import = 0
Start importing Assets/Blink/Art/Animations/Animations_Starter_Pack/Movement using Guid(0794742d7d4be8242b3a0fd27cae7c13) Importer(815301076,1909f56bfc062723c751e8b465ee728b)  -> (artifact id: 'fcc7fbcd969b61e50cef71e321d39898') in 0.006502 seconds 
Number of asset objects unloaded after import = 0
========================================================================
Received Import Request.
  Time since last request: 0.056165 seconds.
  path: Assets/Blink/Art/Animations/Animations_Starter_Pack/Movement/Idle.fbx
  artifactKey: Guid(c346a9e2503cda64ba4698db6aa5e707) Importer(815301076,1909f56bfc062723c751e8b465ee728b)
Number of updated assets reloaded before import = 0
Start importing Assets/Blink/Art/Animations/Animations_Starter_Pack/Movement/Idle.fbx using Guid(c346a9e2503cda64ba4698db6aa5e707) Importer(815301076,1909f56bfc062723c751e8b465ee728b)  -> (artifact id: 'c71eb9e63d65e0f1c69d69c219b65b48') in 0.009573 seconds 
Number of asset objects unloaded after import = 180
========================================================================
Received Import Request.
  Time since last request: 0.000015 seconds.
  path: Assets/Blink/Art/Animations/Animations_Starter_Pack/Movement/RunForward.fbx
  artifactKey: Guid(081930da5e255e348940373200bbeaca) Importer(815301076,1909f56bfc062723c751e8b465ee728b)
Number of updated assets reloaded before import = 0
Start importing Assets/Blink/Art/Animations/Animations_Starter_Pack/Movement/RunForward.fbx using Guid(081930da5e255e348940373200bbeaca) Importer(815301076,1909f56bfc062723c751e8b465ee728b)  -> (artifact id: '49b1d80b10434f2c0791501ffeb0ad98') in 0.009269 seconds 
Number of asset objects unloaded after import = 180
========================================================================
Received Import Request.
  Time since last request: 0.000013 seconds.
  path: Assets/Blink/Art/Animations/Animations_Starter_Pack/Movement/Sprint.fbx
  artifactKey: Guid(dcacd08f98af5794db5b56a6a66048e7) Importer(815301076,1909f56bfc062723c751e8b465ee728b)
Number of updated assets reloaded before import = 0
Start importing Assets/Blink/Art/Animations/Animations_Starter_Pack/Movement/Sprint.fbx using Guid(dcacd08f98af5794db5b56a6a66048e7) Importer(815301076,1909f56bfc062723c751e8b465ee728b)  -> (artifact id: 'dd37151d857aff32f2d2bd7653cd177a') in 0.009381 seconds 
Number of asset objects unloaded after import = 178
========================================================================
Received Import Request.
  Time since last request: 0.000019 seconds.
  path: Assets/Blink/Art/Animations/Animations_Starter_Pack/Movement/RunLeft.fbx
  artifactKey: Guid(eee239821c2dee4429fa8125a1fd6023) Importer(815301076,1909f56bfc062723c751e8b465ee728b)
Number of updated assets reloaded before import = 0
Start importing Assets/Blink/Art/Animations/Animations_Starter_Pack/Movement/RunLeft.fbx using Guid(eee239821c2dee4429fa8125a1fd6023) Importer(815301076,1909f56bfc062723c751e8b465ee728b)  -> (artifact id: '96559a05e743a72cc1ef849837c3ed6b') in 0.009934 seconds 
Number of asset objects unloaded after import = 180
Editor requested this worker to shutdown with reason: Scaling down because of idle timeout
AssetImportWorker is now disconnected from the server
Process exiting
Exiting without the bug reporter. Application will terminate with return code 0